<?xml version="1.0" encoding="UTF-8"?>
<robot generator="Robot 6.1.1 (Python 3.11.0 on win32)" generated="20231030 19:26:38.098" rpa="false" schemaversion="4">
<suite id="s1" name="editImovel testes" source="C:\Users\munch\Desktop\VS Codes\Testes_TF\editImovel_testes.robot">
<test id="s1-t1" name="CT1 - Editar dados de Imóvel" line="8">
<kw name="Abrir o navegador" library="editImovel_resources" type="SETUP">
<kw name="Open Browser" library="SeleniumLibrary">
<arg>browser=${BROWSER}</arg>
<doc>Opens a new browser instance to the optional ``url``.</doc>
<msg timestamp="20231030 19:26:38.257" level="INFO">Opening browser 'chrome' to base url 'None'.</msg>
<msg timestamp="20231030 19:26:38.540" level="WARN">The chromedriver version (117.0.5938.149) detected in PATH at C:\Python311\Scripts\chromedriver.exe might not be compatible with the detected chrome version (118.0.5993.118); currently, chromedriver 118.0.5993.70 is recommended for chrome 118.*, so it is advised to delete the driver in PATH and retry</msg>
<status status="PASS" starttime="20231030 19:26:38.257" endtime="20231030 19:26:39.601"/>
</kw>
<kw name="Maximize Browser Window" library="SeleniumLibrary">
<doc>Maximizes current browser window.</doc>
<status status="PASS" starttime="20231030 19:26:39.602" endtime="20231030 19:26:39.718"/>
</kw>
<status status="PASS" starttime="20231030 19:26:38.257" endtime="20231030 19:26:39.718"/>
</kw>
<kw name="Contexto: Alteração de Preço do Imóvel">
<msg timestamp="20231030 19:26:39.721" level="FAIL">No keyword with name 'Contexto: Alteração de Preço do Imóvel' found.</msg>
<status status="FAIL" starttime="20231030 19:26:39.720" endtime="20231030 19:26:39.721"/>
</kw>
<kw name="Dado que o usuário acessa a página de login do site" library="editImovel_resources">
<status status="NOT RUN" starttime="20231030 19:26:39.721" endtime="20231030 19:26:39.721"/>
</kw>
<kw name="Quando o usuário digita o email &quot;otavio@gmail&quot; no campo de email" library="editImovel_resources">
<status status="NOT RUN" starttime="20231030 19:26:39.721" endtime="20231030 19:26:39.721"/>
</kw>
<kw name="E o usuário digita a senha &quot;123&quot; no campo de senha" library="editImovel_resources">
<status status="NOT RUN" starttime="20231030 19:26:39.721" endtime="20231030 19:26:39.721"/>
</kw>
<kw name="E o usuário aciona o botão &quot;Login&quot;" library="editImovel_resources">
<status status="NOT RUN" starttime="20231030 19:26:39.721" endtime="20231030 19:26:39.721"/>
</kw>
<kw name="E o usuário acessa a página de &quot;Meus Imóveis&quot;" library="editImovel_resources">
<status status="NOT RUN" starttime="20231030 19:26:39.722" endtime="20231030 19:26:39.722"/>
</kw>
<kw name="E o usuário entra na página do imóvel" library="editImovel_resources">
<status status="NOT RUN" starttime="20231030 19:26:39.722" endtime="20231030 19:26:39.722"/>
</kw>
<kw name="Cenário: Editar Cidade do Imóvel">
<status status="NOT RUN" starttime="20231030 19:26:39.724" endtime="20231030 19:26:39.724"/>
</kw>
<kw name="Quando o usuário altera a cidade do imóvel" library="editImovel_resources">
<status status="NOT RUN" starttime="20231030 19:26:39.724" endtime="20231030 19:26:39.724"/>
</kw>
<kw name="E o usuário aciona o botão &quot;Alterar Dados&quot;" library="editImovel_resources">
<status status="NOT RUN" starttime="20231030 19:26:39.724" endtime="20231030 19:26:39.724"/>
</kw>
<kw name="Então o usuário deve ver a mensagem de sucesso" library="editImovel_resources">
<status status="NOT RUN" starttime="20231030 19:26:39.724" endtime="20231030 19:26:39.724"/>
</kw>
<kw name="Fechar o navegador" library="editImovel_resources" type="TEARDOWN">
<kw name="Capture Page Screenshot" library="SeleniumLibrary">
<doc>Takes a screenshot of the current page and embeds it into a log file.</doc>
<msg timestamp="20231030 19:26:39.809" level="INFO" html="true">&lt;/td&gt;&lt;/tr&gt;&lt;tr&gt;&lt;td colspan="3"&gt;&lt;a href="selenium-screenshot-34.png"&gt;&lt;img src="selenium-screenshot-34.png" width="800px"&gt;&lt;/a&gt;</msg>
<status status="PASS" starttime="20231030 19:26:39.725" endtime="20231030 19:26:39.809"/>
</kw>
<kw name="Close Browser" library="SeleniumLibrary">
<doc>Closes the current browser.</doc>
<status status="PASS" starttime="20231030 19:26:39.809" endtime="20231030 19:26:41.882"/>
</kw>
<status status="PASS" starttime="20231030 19:26:39.725" endtime="20231030 19:26:41.882"/>
</kw>
<doc>Esse teste realiza o cadastro de um corretor</doc>
<tag>cadastroCorretor</tag>
<status status="FAIL" starttime="20231030 19:26:38.256" endtime="20231030 19:26:41.882">No keyword with name 'Contexto: Alteração de Preço do Imóvel' found.</status>
</test>
<test id="s1-t2" name="CT2 - Editar valor do Imovel" line="24">
<kw name="Abrir o navegador" library="editImovel_resources" type="SETUP">
<kw name="Open Browser" library="SeleniumLibrary">
<arg>browser=${BROWSER}</arg>
<doc>Opens a new browser instance to the optional ``url``.</doc>
<msg timestamp="20231030 19:26:41.884" level="INFO">Opening browser 'chrome' to base url 'None'.</msg>
<msg timestamp="20231030 19:26:42.140" level="WARN">The chromedriver version (117.0.5938.149) detected in PATH at C:\Python311\Scripts\chromedriver.exe might not be compatible with the detected chrome version (118.0.5993.118); currently, chromedriver 118.0.5993.70 is recommended for chrome 118.*, so it is advised to delete the driver in PATH and retry</msg>
<status status="PASS" starttime="20231030 19:26:41.884" endtime="20231030 19:26:43.196"/>
</kw>
<kw name="Maximize Browser Window" library="SeleniumLibrary">
<doc>Maximizes current browser window.</doc>
<status status="PASS" starttime="20231030 19:26:43.196" endtime="20231030 19:26:43.314"/>
</kw>
<status status="PASS" starttime="20231030 19:26:41.884" endtime="20231030 19:26:43.314"/>
</kw>
<kw name="Dado que o usuário acessa a página de login do site" library="editImovel_resources">
<kw name="Go To" library="SeleniumLibrary">
<arg>url=${URL_LOGIN}</arg>
<doc>Navigates the current browser window to the provided ``url``.</doc>
<msg timestamp="20231030 19:26:43.315" level="INFO">Opening url 'http://localhost/Teto-Facil/frontEnd/loginpage.php'</msg>
<status status="PASS" starttime="20231030 19:26:43.315" endtime="20231030 19:26:43.362"/>
</kw>
<status status="PASS" starttime="20231030 19:26:43.314" endtime="20231030 19:26:43.362"/>
</kw>
<kw name="Quando o usuário digita o email &quot;otavio@gmail&quot; no campo de email" library="editImovel_resources">
<kw name="Input Text" library="SeleniumLibrary">
<arg>locator=nomeLogin</arg>
<arg>text=${EMAIL_USER}</arg>
<doc>Types the given ``text`` into the text field identified by ``locator``.</doc>
<msg timestamp="20231030 19:26:43.364" level="INFO">Typing text 'otavio@gmail' into text field 'nomeLogin'.</msg>
<status status="PASS" starttime="20231030 19:26:43.363" endtime="20231030 19:26:43.463"/>
</kw>
<status status="PASS" starttime="20231030 19:26:43.363" endtime="20231030 19:26:43.464"/>
</kw>
<kw name="E o usuário digita a senha &quot;123&quot; no campo de senha" library="editImovel_resources">
<kw name="Input Text" library="SeleniumLibrary">
<arg>locator=senhaLogin</arg>
<arg>text=${SENHA_LOGIN}</arg>
<doc>Types the given ``text`` into the text field identified by ``locator``.</doc>
<msg timestamp="20231030 19:26:43.466" level="INFO">Typing text '123' into text field 'senhaLogin'.</msg>
<status status="PASS" starttime="20231030 19:26:43.465" endtime="20231030 19:26:43.527"/>
</kw>
<status status="PASS" starttime="20231030 19:26:43.464" endtime="20231030 19:26:43.528"/>
</kw>
<kw name="E o usuário aciona o botão &quot;Login&quot;" library="editImovel_resources">
<kw name="Click Element" library="SeleniumLibrary">
<arg>locator=sendLoginButton</arg>
<doc>Click the element identified by ``locator``.</doc>
<msg timestamp="20231030 19:26:43.529" level="INFO">Clicking element 'sendLoginButton'.</msg>
<status status="PASS" starttime="20231030 19:26:43.528" endtime="20231030 19:26:43.638"/>
</kw>
<status status="PASS" starttime="20231030 19:26:43.528" endtime="20231030 19:26:43.638"/>
</kw>
<kw name="E o usuário acessa a página de &quot;Meus Imóveis&quot;" library="editImovel_resources">
<kw name="Go To" library="SeleniumLibrary">
<arg>url=${URL_IMOVEL}</arg>
<doc>Navigates the current browser window to the provided ``url``.</doc>
<msg timestamp="20231030 19:26:43.638" level="INFO">Opening url 'http://localhost/Teto-Facil/frontEnd/meusImoveis.php'</msg>
<status status="PASS" starttime="20231030 19:26:43.638" endtime="20231030 19:26:43.664"/>
</kw>
<status status="PASS" starttime="20231030 19:26:43.638" endtime="20231030 19:26:43.664"/>
</kw>
<kw name="E o usuário entra na página do imóvel" library="editImovel_resources">
<kw name="Click Element" library="SeleniumLibrary">
<arg>locator=//div[contains(@class,'imovelblock')]</arg>
<doc>Click the element identified by ``locator``.</doc>
<msg timestamp="20231030 19:26:43.665" level="INFO">Clicking element '//div[contains(@class,'imovelblock')]'.</msg>
<status status="PASS" starttime="20231030 19:26:43.665" endtime="20231030 19:26:43.723"/>
</kw>
<kw name="Capture Page Screenshot" library="SeleniumLibrary">
<doc>Takes a screenshot of the current page and embeds it into a log file.</doc>
<msg timestamp="20231030 19:26:43.924" level="INFO" html="true">&lt;/td&gt;&lt;/tr&gt;&lt;tr&gt;&lt;td colspan="3"&gt;&lt;a href="selenium-screenshot-35.png"&gt;&lt;img src="selenium-screenshot-35.png" width="800px"&gt;&lt;/a&gt;</msg>
<status status="PASS" starttime="20231030 19:26:43.723" endtime="20231030 19:26:43.925"/>
</kw>
<status status="PASS" starttime="20231030 19:26:43.664" endtime="20231030 19:26:43.925"/>
</kw>
<kw name="Quando o usuário altera o valor do imóvel" library="editImovel_resources">
<kw name="Input Text" library="SeleniumLibrary">
<arg>css:input[name=edit_valor]</arg>
<arg>text=${NOVO_VALOR}</arg>
<doc>Types the given ``text`` into the text field identified by ``locator``.</doc>
<msg timestamp="20231030 19:26:43.925" level="INFO">Typing text '1000000' into text field 'css:input[name=edit_valor]'.</msg>
<status status="PASS" starttime="20231030 19:26:43.925" endtime="20231030 19:26:43.979"/>
</kw>
<status status="PASS" starttime="20231030 19:26:43.925" endtime="20231030 19:26:43.979"/>
</kw>
<kw name="E o usuário aciona o botão &quot;Alterar Dados&quot;" library="editImovel_resources">
<kw name="Click Element" library="SeleniumLibrary">
<arg>locator=updateData</arg>
<doc>Click the element identified by ``locator``.</doc>
<msg timestamp="20231030 19:26:43.980" level="INFO">Clicking element 'updateData'.</msg>
<status status="PASS" starttime="20231030 19:26:43.979" endtime="20231030 19:26:44.035"/>
</kw>
<status status="PASS" starttime="20231030 19:26:43.979" endtime="20231030 19:26:44.035"/>
</kw>
<kw name="Então o usuário deve ver a mensagem de sucesso" library="editImovel_resources">
<kw name="Handle Alert" library="SeleniumLibrary">
<var>${message}</var>
<arg>Accept</arg>
<doc>Handles the current alert and returns its message.</doc>
<msg timestamp="20231030 19:26:44.036" level="INFO">HANDLE::&lt;class 'NoneType'&gt;::None</msg>
<msg timestamp="20231030 19:26:44.040" level="INFO">${message} = Imóvel atualizado com sucesso</msg>
<status status="PASS" starttime="20231030 19:26:44.036" endtime="20231030 19:26:44.040"/>
</kw>
<kw name="Should Be Equal As Strings" library="BuiltIn">
<arg>${message}</arg>
<arg>${msgAlertDadosAlterados}</arg>
<doc>Fails if objects are unequal after converting them to strings.</doc>
<status status="PASS" starttime="20231030 19:26:44.040" endtime="20231030 19:26:44.040"/>
</kw>
<status status="PASS" starttime="20231030 19:26:44.036" endtime="20231030 19:26:44.040"/>
</kw>
<kw name="Fechar o navegador" library="editImovel_resources" type="TEARDOWN">
<kw name="Capture Page Screenshot" library="SeleniumLibrary">
<doc>Takes a screenshot of the current page and embeds it into a log file.</doc>
<msg timestamp="20231030 19:26:44.148" level="INFO" html="true">&lt;/td&gt;&lt;/tr&gt;&lt;tr&gt;&lt;td colspan="3"&gt;&lt;a href="selenium-screenshot-36.png"&gt;&lt;img src="selenium-screenshot-36.png" width="800px"&gt;&lt;/a&gt;</msg>
<status status="PASS" starttime="20231030 19:26:44.041" endtime="20231030 19:26:44.149"/>
</kw>
<kw name="Close Browser" library="SeleniumLibrary">
<doc>Closes the current browser.</doc>
<status status="PASS" starttime="20231030 19:26:44.149" endtime="20231030 19:26:46.221"/>
</kw>
<status status="PASS" starttime="20231030 19:26:44.041" endtime="20231030 19:26:46.221"/>
</kw>
<doc>Esse teste realiza alteração no preço de um Imóvel</doc>
<tag>editarValorImovel</tag>
<status status="PASS" starttime="20231030 19:26:41.883" endtime="20231030 19:26:46.221"/>
</test>
<doc>Essa suíte testa o site teto facil</doc>
<status status="FAIL" starttime="20231030 19:26:38.099" endtime="20231030 19:26:46.222"/>
</suite>
<statistics>
<total>
<stat pass="1" fail="1" skip="0">All Tests</stat>
</total>
<tag>
<stat pass="0" fail="1" skip="0">cadastroCorretor</stat>
<stat pass="1" fail="0" skip="0">editarValorImovel</stat>
</tag>
<suite>
<stat pass="1" fail="1" skip="0" id="s1" name="editImovel testes">editImovel testes</stat>
</suite>
</statistics>
<errors>
<msg timestamp="20231030 19:26:38.540" level="WARN">The chromedriver version (117.0.5938.149) detected in PATH at C:\Python311\Scripts\chromedriver.exe might not be compatible with the detected chrome version (118.0.5993.118); currently, chromedriver 118.0.5993.70 is recommended for chrome 118.*, so it is advised to delete the driver in PATH and retry</msg>
<msg timestamp="20231030 19:26:42.140" level="WARN">The chromedriver version (117.0.5938.149) detected in PATH at C:\Python311\Scripts\chromedriver.exe might not be compatible with the detected chrome version (118.0.5993.118); currently, chromedriver 118.0.5993.70 is recommended for chrome 118.*, so it is advised to delete the driver in PATH and retry</msg>
</errors>
</robot>
