<?xml version="1.0" encoding="UTF-8"?>
<robot generator="Robot 6.1.1 (Python 3.12.0 on win32)" generated="20231031 09:11:53.525" rpa="false" schemaversion="4">
<suite id="s1" name="Cadastro" source="C:\Users\munch\OneDrive\Área de Trabalho\VS Codes\Testes_TF\Usuario\Cadastro\cadastro.robot">
<test id="s1-t1" name="CT1 - Realizar Cadstro com Sucesso" line="11">
<kw name="Abrir o navegador" library="cadastro_resources" type="SETUP">
<kw name="Open Browser" library="SeleniumLibrary">
<arg>browser=${BROWSER}</arg>
<doc>Opens a new browser instance to the optional ``url``.</doc>
<msg timestamp="20231031 09:11:53.905" level="INFO">Opening browser 'chrome' to base url 'None'.</msg>
<msg timestamp="20231031 09:11:54.418" level="WARN">The chromedriver version (117.0.5938.149) detected in PATH at C:\Users\munch\AppData\Local\Programs\Python\Python312\Scripts\chromedriver.exe might not be compatible with the detected chrome version (118.0.5993.118); currently, chromedriver 118.0.5993.70 is recommended for chrome 118.*, so it is advised to delete the driver in PATH and retry</msg>
<status status="PASS" starttime="20231031 09:11:53.905" endtime="20231031 09:11:55.930"/>
</kw>
<kw name="Maximize Browser Window" library="SeleniumLibrary">
<doc>Maximizes current browser window.</doc>
<status status="PASS" starttime="20231031 09:11:55.930" endtime="20231031 09:11:56.057"/>
</kw>
<status status="PASS" starttime="20231031 09:11:53.905" endtime="20231031 09:11:56.057"/>
</kw>
<kw name="Acessar a página de cadastro" library="cadastro_resources">
<kw name="Go To" library="SeleniumLibrary">
<arg>${CADASTRO URL}</arg>
<doc>Navigates the current browser window to the provided ``url``.</doc>
<msg timestamp="20231031 09:11:56.057" level="INFO">Opening url 'http://localhost/Teto-Facil/frontEnd/loginpage.php'</msg>
<status status="PASS" starttime="20231031 09:11:56.057" endtime="20231031 09:11:56.114"/>
</kw>
<status status="PASS" starttime="20231031 09:11:56.057" endtime="20231031 09:11:56.114"/>
</kw>
<kw name="Preencher o formulário de cadastro com dados válidos" library="cadastro_resources">
<kw name="Input Text" library="SeleniumLibrary">
<arg>locator=name</arg>
<arg>text=${NOME_CAD}</arg>
<doc>Types the given ``text`` into the text field identified by ``locator``.</doc>
<msg timestamp="20231031 09:11:56.118" level="INFO">Typing text 'Rodrigo' into text field 'name'.</msg>
<status status="PASS" starttime="20231031 09:11:56.114" endtime="20231031 09:11:56.235"/>
</kw>
<kw name="Input Text" library="SeleniumLibrary">
<arg>locator=emailCad</arg>
<arg>text=${EMAIL_CAD}</arg>
<doc>Types the given ``text`` into the text field identified by ``locator``.</doc>
<msg timestamp="20231031 09:11:56.235" level="INFO">Typing text 'rodrigomunch@gmail.com' into text field 'emailCad'.</msg>
<status status="PASS" starttime="20231031 09:11:56.235" endtime="20231031 09:11:56.329"/>
</kw>
<kw name="Input Text" library="SeleniumLibrary">
<arg>locator=cpfCad</arg>
<arg>text=${CPF_CAD}</arg>
<doc>Types the given ``text`` into the text field identified by ``locator``.</doc>
<msg timestamp="20231031 09:11:56.330" level="INFO">Typing text '97864531208' into text field 'cpfCad'.</msg>
<status status="PASS" starttime="20231031 09:11:56.329" endtime="20231031 09:11:56.406"/>
</kw>
<kw name="Input Text" library="SeleniumLibrary">
<arg>locator=senhaCad</arg>
<arg>text=${SENHA_CAD}</arg>
<doc>Types the given ``text`` into the text field identified by ``locator``.</doc>
<msg timestamp="20231031 09:11:56.406" level="INFO">Typing text 'Rodrigo@1234' into text field 'senhaCad'.</msg>
<status status="PASS" starttime="20231031 09:11:56.406" endtime="20231031 09:11:56.484"/>
</kw>
<kw name="Input Text" library="SeleniumLibrary">
<arg>locator=senhaConf</arg>
<arg>text=${SENHA_CONF_CAD}</arg>
<doc>Types the given ``text`` into the text field identified by ``locator``.</doc>
<msg timestamp="20231031 09:11:56.484" level="INFO">Typing text 'Rodrigo@1234' into text field 'senhaConf'.</msg>
<status status="PASS" starttime="20231031 09:11:56.484" endtime="20231031 09:11:56.567"/>
</kw>
<kw name="Capture Page Screenshot" library="SeleniumLibrary">
<doc>Takes a screenshot of the current page and embeds it into a log file.</doc>
<msg timestamp="20231031 09:11:56.694" level="INFO" html="true">&lt;/td&gt;&lt;/tr&gt;&lt;tr&gt;&lt;td colspan="3"&gt;&lt;a href="selenium-screenshot-57.png"&gt;&lt;img src="selenium-screenshot-57.png" width="800px"&gt;&lt;/a&gt;</msg>
<status status="PASS" starttime="20231031 09:11:56.567" endtime="20231031 09:11:56.694"/>
</kw>
<status status="PASS" starttime="20231031 09:11:56.114" endtime="20231031 09:11:56.695"/>
</kw>
<kw name="Clicar no botão de cadastro" library="cadastro_resources">
<kw name="Click Element" library="SeleniumLibrary">
<arg>locator=sendCadButton</arg>
<doc>Click the element identified by ``locator``.</doc>
<msg timestamp="20231031 09:11:56.695" level="INFO">Clicking element 'sendCadButton'.</msg>
<status status="PASS" starttime="20231031 09:11:56.695" endtime="20231031 09:11:56.767"/>
</kw>
<status status="PASS" starttime="20231031 09:11:56.695" endtime="20231031 09:11:56.767"/>
</kw>
<kw name="Verificar se o cadastro foi realizado com sucesso" library="cadastro_resources">
<kw name="Get Location" library="SeleniumLibrary">
<var>${current_url}</var>
<doc>Returns the current browser window URL.</doc>
<msg timestamp="20231031 09:11:56.927" level="INFO" html="true">&lt;/td&gt;&lt;/tr&gt;&lt;tr&gt;&lt;td colspan="3"&gt;&lt;a href="selenium-screenshot-58.png"&gt;&lt;img src="selenium-screenshot-58.png" width="800px"&gt;&lt;/a&gt;</msg>
<msg timestamp="20231031 09:11:56.927" level="FAIL">UnexpectedAlertPresentException: Alert Text: Email já cadastrado
Message: unexpected alert open: {Alert text : Email já cadastrado}
  (Session info: chrome=118.0.5993.118)
Stacktrace:
	GetHandleVerifier [0x00007FF684547D12+55474]
	(No symbol) [0x00007FF6844B77C2]
	(No symbol) [0x00007FF68436E0EB]
	(No symbol) [0x00007FF6843E8132]
	(No symbol) [0x00007FF6843CEF33]
	(No symbol) [0x00007FF6843A3D41]
	(No symbol) [0x00007FF6843A4F84]
	GetHandleVerifier [0x00007FF6848AB762+3609346]
	GetHandleVerifier [0x00007FF684901A80+3962400]
	GetHandleVerifier [0x00007FF6848F9F0F+3930799]
	GetHandleVerifier [0x00007FF6845E3CA6+694342]
	(No symbol) [0x00007FF6844C2218]
	(No symbol) [0x00007FF6844BE484]
	(No symbol) [0x00007FF6844BE5B2]
	(No symbol) [0x00007FF6844AEE13]
	BaseThreadInitThunk [0x00007FFFB7A7257D+29]
	RtlUserThreadStart [0x00007FFFB984AA58+40]
</msg>
<status status="FAIL" starttime="20231031 09:11:56.767" endtime="20231031 09:11:56.927"/>
</kw>
<kw name="Should Be Equal As Strings" library="BuiltIn">
<arg>${current_url}</arg>
<arg>${HOME URL}</arg>
<doc>Fails if objects are unequal after converting them to strings.</doc>
<status status="NOT RUN" starttime="20231031 09:11:56.927" endtime="20231031 09:11:56.927"/>
</kw>
<kw name="Page Should Contain" library="SeleniumLibrary">
<arg>Olá, ${NOME_CAD}</arg>
<doc>Verifies that current page contains ``text``.</doc>
<status status="NOT RUN" starttime="20231031 09:11:56.927" endtime="20231031 09:11:56.927"/>
</kw>
<status status="FAIL" starttime="20231031 09:11:56.767" endtime="20231031 09:11:56.927"/>
</kw>
<kw name="Fechar o navegador" library="cadastro_resources" type="TEARDOWN">
<kw name="Capture Page Screenshot" library="SeleniumLibrary">
<doc>Takes a screenshot of the current page and embeds it into a log file.</doc>
<msg timestamp="20231031 09:11:57.050" level="INFO" html="true">&lt;/td&gt;&lt;/tr&gt;&lt;tr&gt;&lt;td colspan="3"&gt;&lt;a href="selenium-screenshot-59.png"&gt;&lt;img src="selenium-screenshot-59.png" width="800px"&gt;&lt;/a&gt;</msg>
<status status="PASS" starttime="20231031 09:11:56.932" endtime="20231031 09:11:57.050"/>
</kw>
<kw name="Close Browser" library="SeleniumLibrary">
<doc>Closes the current browser.</doc>
<status status="PASS" starttime="20231031 09:11:57.050" endtime="20231031 09:11:59.143"/>
</kw>
<status status="PASS" starttime="20231031 09:11:56.932" endtime="20231031 09:11:59.143"/>
</kw>
<doc>Caso de teste para realizar cadastro com sucesso</doc>
<tag>cadastroCorretor</tag>
<status status="FAIL" starttime="20231031 09:11:53.904" endtime="20231031 09:11:59.143">UnexpectedAlertPresentException: Alert Text: Email já cadastrado
Message: unexpected alert open: {Alert text : Email já cadastrado}
  (Session info: chrome=118.0.5993.118)
Stacktrace:
	GetHandleVerifier [0x00007FF684547D12+55474]
	(No symbol) [0x00007FF6844B77C2]
	(No symbol) [0x00007FF68436E0EB]
	(No symbol) [0x00007FF6843E8132]
	(No symbol) [0x00007FF6843CEF33]
	(No symbol) [0x00007FF6843A3D41]
	(No symbol) [0x00007FF6843A4F84]
	GetHandleVerifier [0x00007FF6848AB762+3609346]
	GetHandleVerifier [0x00007FF684901A80+3962400]
	GetHandleVerifier [0x00007FF6848F9F0F+3930799]
	GetHandleVerifier [0x00007FF6845E3CA6+694342]
	(No symbol) [0x00007FF6844C2218]
	(No symbol) [0x00007FF6844BE484]
	(No symbol) [0x00007FF6844BE5B2]
	(No symbol) [0x00007FF6844AEE13]
	BaseThreadInitThunk [0x00007FFFB7A7257D+29]
	RtlUserThreadStart [0x00007FFFB984AA58+40]
</status>
</test>
<test id="s1-t2" name="Realizar Cadastro sem CPF" line="20">
<kw name="Abrir o navegador" library="cadastro_resources" type="SETUP">
<kw name="Open Browser" library="SeleniumLibrary">
<arg>browser=${BROWSER}</arg>
<doc>Opens a new browser instance to the optional ``url``.</doc>
<msg timestamp="20231031 09:11:59.148" level="INFO">Opening browser 'chrome' to base url 'None'.</msg>
<msg timestamp="20231031 09:11:59.520" level="WARN">The chromedriver version (117.0.5938.149) detected in PATH at C:\Users\munch\AppData\Local\Programs\Python\Python312\Scripts\chromedriver.exe might not be compatible with the detected chrome version (118.0.5993.118); currently, chromedriver 118.0.5993.70 is recommended for chrome 118.*, so it is advised to delete the driver in PATH and retry</msg>
<status status="PASS" starttime="20231031 09:11:59.148" endtime="20231031 09:12:00.791"/>
</kw>
<kw name="Maximize Browser Window" library="SeleniumLibrary">
<doc>Maximizes current browser window.</doc>
<status status="PASS" starttime="20231031 09:12:00.791" endtime="20231031 09:12:00.911"/>
</kw>
<status status="PASS" starttime="20231031 09:11:59.143" endtime="20231031 09:12:00.911"/>
</kw>
<kw name="Acessar a página de cadastro" library="cadastro_resources">
<kw name="Go To" library="SeleniumLibrary">
<arg>${CADASTRO URL}</arg>
<doc>Navigates the current browser window to the provided ``url``.</doc>
<msg timestamp="20231031 09:12:00.911" level="INFO">Opening url 'http://localhost/Teto-Facil/frontEnd/loginpage.php'</msg>
<status status="PASS" starttime="20231031 09:12:00.911" endtime="20231031 09:12:00.969"/>
</kw>
<status status="PASS" starttime="20231031 09:12:00.911" endtime="20231031 09:12:00.969"/>
</kw>
<kw name="Preencher o formulário de cadastro sem o campo CPF" library="cadastro_resources">
<kw name="Input Text" library="SeleniumLibrary">
<arg>locator=name</arg>
<arg>text=${NOME_CAD}</arg>
<doc>Types the given ``text`` into the text field identified by ``locator``.</doc>
<msg timestamp="20231031 09:12:00.969" level="INFO">Typing text 'Rodrigo' into text field 'name'.</msg>
<status status="PASS" starttime="20231031 09:12:00.969" endtime="20231031 09:12:01.090"/>
</kw>
<kw name="Input Text" library="SeleniumLibrary">
<arg>locator=emailCad</arg>
<arg>text=${EMAIL_CAD}</arg>
<doc>Types the given ``text`` into the text field identified by ``locator``.</doc>
<msg timestamp="20231031 09:12:01.092" level="INFO">Typing text 'rodrigomunch@gmail.com' into text field 'emailCad'.</msg>
<status status="PASS" starttime="20231031 09:12:01.090" endtime="20231031 09:12:01.178"/>
</kw>
<kw name="Input Text" library="SeleniumLibrary">
<arg>locator=senhaCad</arg>
<arg>text=${SENHA_CAD}</arg>
<doc>Types the given ``text`` into the text field identified by ``locator``.</doc>
<msg timestamp="20231031 09:12:01.178" level="INFO">Typing text 'Rodrigo@1234' into text field 'senhaCad'.</msg>
<status status="PASS" starttime="20231031 09:12:01.178" endtime="20231031 09:12:01.260"/>
</kw>
<kw name="Input Text" library="SeleniumLibrary">
<arg>locator=senhaConf</arg>
<arg>text=${SENHA_CONF_CAD}</arg>
<doc>Types the given ``text`` into the text field identified by ``locator``.</doc>
<msg timestamp="20231031 09:12:01.260" level="INFO">Typing text 'Rodrigo@1234' into text field 'senhaConf'.</msg>
<status status="PASS" starttime="20231031 09:12:01.260" endtime="20231031 09:12:01.344"/>
</kw>
<kw name="Capture Page Screenshot" library="SeleniumLibrary">
<doc>Takes a screenshot of the current page and embeds it into a log file.</doc>
<msg timestamp="20231031 09:12:01.483" level="INFO" html="true">&lt;/td&gt;&lt;/tr&gt;&lt;tr&gt;&lt;td colspan="3"&gt;&lt;a href="selenium-screenshot-60.png"&gt;&lt;img src="selenium-screenshot-60.png" width="800px"&gt;&lt;/a&gt;</msg>
<status status="PASS" starttime="20231031 09:12:01.344" endtime="20231031 09:12:01.483"/>
</kw>
<status status="PASS" starttime="20231031 09:12:00.969" endtime="20231031 09:12:01.483"/>
</kw>
<kw name="Clicar no botão de cadastro" library="cadastro_resources">
<kw name="Click Element" library="SeleniumLibrary">
<arg>locator=sendCadButton</arg>
<doc>Click the element identified by ``locator``.</doc>
<msg timestamp="20231031 09:12:01.484" level="INFO">Clicking element 'sendCadButton'.</msg>
<status status="PASS" starttime="20231031 09:12:01.483" endtime="20231031 09:12:01.528"/>
</kw>
<status status="PASS" starttime="20231031 09:12:01.483" endtime="20231031 09:12:01.528"/>
</kw>
<kw name="Verificar se o cadastro sem CPF diferentes não foi realizado" library="cadastro_resources">
<kw name="Handle Alert" library="SeleniumLibrary">
<var>${message}</var>
<arg>Accept</arg>
<doc>Handles the current alert and returns its message.</doc>
<msg timestamp="20231031 09:12:01.530" level="INFO">HANDLE::&lt;class 'NoneType'&gt;::None</msg>
<msg timestamp="20231031 09:12:01.534" level="INFO">${message} = CPF invalido !   Formato valido: xxx.xxx.xxx-xx</msg>
<status status="PASS" starttime="20231031 09:12:01.530" endtime="20231031 09:12:01.534"/>
</kw>
<kw name="Get Location" library="SeleniumLibrary">
<var>${current_url}</var>
<doc>Returns the current browser window URL.</doc>
<msg timestamp="20231031 09:12:01.541" level="INFO">${current_url} = http://localhost/Teto-Facil/frontEnd/loginpage.php</msg>
<status status="PASS" starttime="20231031 09:12:01.534" endtime="20231031 09:12:01.544"/>
</kw>
<kw name="Should Be Equal As Strings" library="BuiltIn">
<arg>${current_url}</arg>
<arg>${CADASTRO URL}</arg>
<doc>Fails if objects are unequal after converting them to strings.</doc>
<status status="PASS" starttime="20231031 09:12:01.544" endtime="20231031 09:12:01.544"/>
</kw>
<status status="PASS" starttime="20231031 09:12:01.530" endtime="20231031 09:12:01.544"/>
</kw>
<kw name="Fechar o navegador" library="cadastro_resources" type="TEARDOWN">
<kw name="Capture Page Screenshot" library="SeleniumLibrary">
<doc>Takes a screenshot of the current page and embeds it into a log file.</doc>
<msg timestamp="20231031 09:12:01.680" level="INFO" html="true">&lt;/td&gt;&lt;/tr&gt;&lt;tr&gt;&lt;td colspan="3"&gt;&lt;a href="selenium-screenshot-61.png"&gt;&lt;img src="selenium-screenshot-61.png" width="800px"&gt;&lt;/a&gt;</msg>
<status status="PASS" starttime="20231031 09:12:01.544" endtime="20231031 09:12:01.680"/>
</kw>
<kw name="Close Browser" library="SeleniumLibrary">
<doc>Closes the current browser.</doc>
<status status="PASS" starttime="20231031 09:12:01.680" endtime="20231031 09:12:03.764"/>
</kw>
<status status="PASS" starttime="20231031 09:12:01.544" endtime="20231031 09:12:03.764"/>
</kw>
<status status="PASS" starttime="20231031 09:11:59.143" endtime="20231031 09:12:03.765"/>
</test>
<test id="s1-t3" name="Realizar Cadastro com senhas diferentes" line="26">
<kw name="Abrir o navegador" library="cadastro_resources" type="SETUP">
<kw name="Open Browser" library="SeleniumLibrary">
<arg>browser=${BROWSER}</arg>
<doc>Opens a new browser instance to the optional ``url``.</doc>
<msg timestamp="20231031 09:12:03.765" level="INFO">Opening browser 'chrome' to base url 'None'.</msg>
<msg timestamp="20231031 09:12:04.127" level="WARN">The chromedriver version (117.0.5938.149) detected in PATH at C:\Users\munch\AppData\Local\Programs\Python\Python312\Scripts\chromedriver.exe might not be compatible with the detected chrome version (118.0.5993.118); currently, chromedriver 118.0.5993.70 is recommended for chrome 118.*, so it is advised to delete the driver in PATH and retry</msg>
<status status="PASS" starttime="20231031 09:12:03.765" endtime="20231031 09:12:05.371"/>
</kw>
<kw name="Maximize Browser Window" library="SeleniumLibrary">
<doc>Maximizes current browser window.</doc>
<status status="PASS" starttime="20231031 09:12:05.371" endtime="20231031 09:12:05.491"/>
</kw>
<status status="PASS" starttime="20231031 09:12:03.765" endtime="20231031 09:12:05.491"/>
</kw>
<kw name="Acessar a página de cadastro" library="cadastro_resources">
<kw name="Go To" library="SeleniumLibrary">
<arg>${CADASTRO URL}</arg>
<doc>Navigates the current browser window to the provided ``url``.</doc>
<msg timestamp="20231031 09:12:05.491" level="INFO">Opening url 'http://localhost/Teto-Facil/frontEnd/loginpage.php'</msg>
<status status="PASS" starttime="20231031 09:12:05.491" endtime="20231031 09:12:05.547"/>
</kw>
<status status="PASS" starttime="20231031 09:12:05.491" endtime="20231031 09:12:05.551"/>
</kw>
<kw name="Preencher o formulário de cadastro com senhas diferentes" library="cadastro_resources">
<kw name="Input Text" library="SeleniumLibrary">
<arg>locator=name</arg>
<arg>text=${NOME_CAD}</arg>
<doc>Types the given ``text`` into the text field identified by ``locator``.</doc>
<msg timestamp="20231031 09:12:05.553" level="INFO">Typing text 'Rodrigo' into text field 'name'.</msg>
<status status="PASS" starttime="20231031 09:12:05.551" endtime="20231031 09:12:05.665"/>
</kw>
<kw name="Input Text" library="SeleniumLibrary">
<arg>locator=emailCad</arg>
<arg>text=${EMAIL_CAD_2}</arg>
<doc>Types the given ``text`` into the text field identified by ``locator``.</doc>
<msg timestamp="20231031 09:12:05.665" level="INFO">Typing text 'cesinha@gmail.com' into text field 'emailCad'.</msg>
<status status="PASS" starttime="20231031 09:12:05.665" endtime="20231031 09:12:05.754"/>
</kw>
<kw name="Input Text" library="SeleniumLibrary">
<arg>locator=cpfCad</arg>
<arg>text=${CPF_CAD_2}</arg>
<doc>Types the given ``text`` into the text field identified by ``locator``.</doc>
<msg timestamp="20231031 09:12:05.754" level="INFO">Typing text '22222222222' into text field 'cpfCad'.</msg>
<status status="PASS" starttime="20231031 09:12:05.754" endtime="20231031 09:12:05.829"/>
</kw>
<kw name="Input Text" library="SeleniumLibrary">
<arg>locator=senhaCad</arg>
<arg>text=${SENHA_CAD}</arg>
<doc>Types the given ``text`` into the text field identified by ``locator``.</doc>
<msg timestamp="20231031 09:12:05.837" level="INFO">Typing text 'Rodrigo@1234' into text field 'senhaCad'.</msg>
<status status="PASS" starttime="20231031 09:12:05.829" endtime="20231031 09:12:05.925"/>
</kw>
<kw name="Input Text" library="SeleniumLibrary">
<arg>locator=senhaConf</arg>
<arg>text=${SENHA_CONF_CAD_ERRADA}</arg>
<doc>Types the given ``text`` into the text field identified by ``locator``.</doc>
<msg timestamp="20231031 09:12:05.925" level="INFO">Typing text 'Rodrigo@12345' into text field 'senhaConf'.</msg>
<status status="PASS" starttime="20231031 09:12:05.925" endtime="20231031 09:12:06.012"/>
</kw>
<kw name="Capture Page Screenshot" library="SeleniumLibrary">
<doc>Takes a screenshot of the current page and embeds it into a log file.</doc>
<msg timestamp="20231031 09:12:06.125" level="INFO" html="true">&lt;/td&gt;&lt;/tr&gt;&lt;tr&gt;&lt;td colspan="3"&gt;&lt;a href="selenium-screenshot-62.png"&gt;&lt;img src="selenium-screenshot-62.png" width="800px"&gt;&lt;/a&gt;</msg>
<status status="PASS" starttime="20231031 09:12:06.012" endtime="20231031 09:12:06.130"/>
</kw>
<status status="PASS" starttime="20231031 09:12:05.551" endtime="20231031 09:12:06.130"/>
</kw>
<kw name="Clicar no botão de cadastro" library="cadastro_resources">
<kw name="Click Element" library="SeleniumLibrary">
<arg>locator=sendCadButton</arg>
<doc>Click the element identified by ``locator``.</doc>
<msg timestamp="20231031 09:12:06.130" level="INFO">Clicking element 'sendCadButton'.</msg>
<status status="PASS" starttime="20231031 09:12:06.130" endtime="20231031 09:12:06.298"/>
</kw>
<status status="PASS" starttime="20231031 09:12:06.130" endtime="20231031 09:12:06.298"/>
</kw>
<kw name="Verificar se o cadastro com senhas diferentes não foi realizado" library="cadastro_resources">
<kw name="Handle Alert" library="SeleniumLibrary">
<var>${message}</var>
<arg>Accept</arg>
<doc>Handles the current alert and returns its message.</doc>
<msg timestamp="20231031 09:12:06.298" level="INFO">HANDLE::&lt;class 'NoneType'&gt;::None</msg>
<msg timestamp="20231031 09:12:11.447" level="INFO" html="true">&lt;/td&gt;&lt;/tr&gt;&lt;tr&gt;&lt;td colspan="3"&gt;&lt;a href="selenium-screenshot-63.png"&gt;&lt;img src="selenium-screenshot-63.png" width="800px"&gt;&lt;/a&gt;</msg>
<msg timestamp="20231031 09:12:11.447" level="FAIL">Alert not found in 5 seconds.</msg>
<status status="FAIL" starttime="20231031 09:12:06.298" endtime="20231031 09:12:11.463"/>
</kw>
<kw name="Should Be Equal As Strings" library="BuiltIn">
<arg>${message}</arg>
<arg>${msgSenhasDiferentes}</arg>
<doc>Fails if objects are unequal after converting them to strings.</doc>
<status status="NOT RUN" starttime="20231031 09:12:11.463" endtime="20231031 09:12:11.463"/>
</kw>
<kw name="Get Location" library="SeleniumLibrary">
<var>${current_url}</var>
<doc>Returns the current browser window URL.</doc>
<status status="NOT RUN" starttime="20231031 09:12:11.463" endtime="20231031 09:12:11.463"/>
</kw>
<kw name="Should Be Equal As Strings" library="BuiltIn">
<arg>${current_url}</arg>
<arg>${CADASTRO URL}</arg>
<doc>Fails if objects are unequal after converting them to strings.</doc>
<status status="NOT RUN" starttime="20231031 09:12:11.463" endtime="20231031 09:12:11.463"/>
</kw>
<status status="FAIL" starttime="20231031 09:12:06.298" endtime="20231031 09:12:11.470"/>
</kw>
<kw name="Fechar o navegador" library="cadastro_resources" type="TEARDOWN">
<kw name="Capture Page Screenshot" library="SeleniumLibrary">
<doc>Takes a screenshot of the current page and embeds it into a log file.</doc>
<msg timestamp="20231031 09:12:11.591" level="INFO" html="true">&lt;/td&gt;&lt;/tr&gt;&lt;tr&gt;&lt;td colspan="3"&gt;&lt;a href="selenium-screenshot-64.png"&gt;&lt;img src="selenium-screenshot-64.png" width="800px"&gt;&lt;/a&gt;</msg>
<status status="PASS" starttime="20231031 09:12:11.470" endtime="20231031 09:12:11.591"/>
</kw>
<kw name="Close Browser" library="SeleniumLibrary">
<doc>Closes the current browser.</doc>
<status status="PASS" starttime="20231031 09:12:11.591" endtime="20231031 09:12:13.744"/>
</kw>
<status status="PASS" starttime="20231031 09:12:11.470" endtime="20231031 09:12:13.744"/>
</kw>
<status status="FAIL" starttime="20231031 09:12:03.765" endtime="20231031 09:12:13.744">Alert not found in 5 seconds.</status>
</test>
<doc>Casos de cadastro para Login de Usuário</doc>
<status status="FAIL" starttime="20231031 09:11:53.530" endtime="20231031 09:12:13.746"/>
</suite>
<statistics>
<total>
<stat pass="1" fail="2" skip="0">All Tests</stat>
</total>
<tag>
<stat pass="0" fail="1" skip="0">cadastroCorretor</stat>
</tag>
<suite>
<stat pass="1" fail="2" skip="0" id="s1" name="Cadastro">Cadastro</stat>
</suite>
</statistics>
<errors>
<msg timestamp="20231031 09:11:54.418" level="WARN">The chromedriver version (117.0.5938.149) detected in PATH at C:\Users\munch\AppData\Local\Programs\Python\Python312\Scripts\chromedriver.exe might not be compatible with the detected chrome version (118.0.5993.118); currently, chromedriver 118.0.5993.70 is recommended for chrome 118.*, so it is advised to delete the driver in PATH and retry</msg>
<msg timestamp="20231031 09:11:59.520" level="WARN">The chromedriver version (117.0.5938.149) detected in PATH at C:\Users\munch\AppData\Local\Programs\Python\Python312\Scripts\chromedriver.exe might not be compatible with the detected chrome version (118.0.5993.118); currently, chromedriver 118.0.5993.70 is recommended for chrome 118.*, so it is advised to delete the driver in PATH and retry</msg>
<msg timestamp="20231031 09:12:04.127" level="WARN">The chromedriver version (117.0.5938.149) detected in PATH at C:\Users\munch\AppData\Local\Programs\Python\Python312\Scripts\chromedriver.exe might not be compatible with the detected chrome version (118.0.5993.118); currently, chromedriver 118.0.5993.70 is recommended for chrome 118.*, so it is advised to delete the driver in PATH and retry</msg>
</errors>
</robot>
