<?xml version="1.0" encoding="UTF-8"?>
<robot generator="Robot 6.1.1 (Python 3.12.0 on win32)" generated="20231011 22:49:16.246" rpa="false" schemaversion="4">
<suite id="s1" name="Cadastro" source="C:\Users\munch\OneDrive\Área de Trabalho\VS Codes\Testes_TF\Usuario\Cadastro\cadastro.robot">
<test id="s1-t1" name="Realizar Cadstro com Sucesso" line="17">
<kw name="Open Browser" library="SeleniumLibrary">
<arg>browser=${BROWSER}</arg>
<doc>Opens a new browser instance to the optional ``url``.</doc>
<msg timestamp="20231011 22:49:16.428" level="INFO">Opening browser 'Chrome' to base url 'None'.</msg>
<msg timestamp="20231011 22:49:16.734" level="WARN">The chromedriver version (117.0.5938.149) detected in PATH at C:\Users\munch\AppData\Local\Programs\Python\Python312\Scripts\chromedriver.exe might not be compatible with the detected chrome version (118.0.5993.71); currently, chromedriver 118.0.5993.70 is recommended for chrome 118.*, so it is advised to delete the driver in PATH and retry</msg>
<status status="PASS" starttime="20231011 22:49:16.428" endtime="20231011 22:49:18.019"/>
</kw>
<kw name="Maximize Browser Window" library="SeleniumLibrary">
<doc>Maximizes current browser window.</doc>
<status status="PASS" starttime="20231011 22:49:18.019" endtime="20231011 22:49:18.135"/>
</kw>
<kw name="Go To" library="SeleniumLibrary">
<arg>url=${CADASTRO URL}</arg>
<doc>Navigates the current browser window to the provided ``url``.</doc>
<msg timestamp="20231011 22:49:18.135" level="INFO">Opening url 'http://localhost/Teto-Facil/frontEnd/loginpage.php'</msg>
<status status="PASS" starttime="20231011 22:49:18.135" endtime="20231011 22:49:18.182"/>
</kw>
<kw name="Input Text" library="SeleniumLibrary">
<arg>locator=${idNome}</arg>
<arg>text=Rodrigo</arg>
<doc>Types the given ``text`` into the text field identified by ``locator``.</doc>
<msg timestamp="20231011 22:49:18.183" level="INFO">Typing text 'Rodrigo' into text field 'name'.</msg>
<status status="PASS" starttime="20231011 22:49:18.182" endtime="20231011 22:49:18.268"/>
</kw>
<kw name="Input Text" library="SeleniumLibrary">
<arg>locator=${idEmail}</arg>
<arg>text=rodrigo@gmail.com</arg>
<doc>Types the given ``text`` into the text field identified by ``locator``.</doc>
<msg timestamp="20231011 22:49:18.269" level="INFO">Typing text 'rodrigo@gmail.com' into text field 'emailCad'.</msg>
<status status="PASS" starttime="20231011 22:49:18.269" endtime="20231011 22:49:18.338"/>
</kw>
<kw name="Input Text" library="SeleniumLibrary">
<arg>locator=${idCPF}</arg>
<arg>text=12345678910</arg>
<doc>Types the given ``text`` into the text field identified by ``locator``.</doc>
<msg timestamp="20231011 22:49:18.339" level="INFO">Typing text '12345678910' into text field 'cpfCad'.</msg>
<status status="PASS" starttime="20231011 22:49:18.338" endtime="20231011 22:49:18.401"/>
</kw>
<kw name="Input Text" library="SeleniumLibrary">
<arg>locator=${idSenha}</arg>
<arg>text=Rodrigo@1234</arg>
<doc>Types the given ``text`` into the text field identified by ``locator``.</doc>
<msg timestamp="20231011 22:49:18.402" level="INFO">Typing text 'Rodrigo@1234' into text field 'senhaCad'.</msg>
<status status="PASS" starttime="20231011 22:49:18.402" endtime="20231011 22:49:18.465"/>
</kw>
<kw name="Input Text" library="SeleniumLibrary">
<arg>locator=${idSenhaConf}</arg>
<arg>text=Rodrigo@1234</arg>
<doc>Types the given ``text`` into the text field identified by ``locator``.</doc>
<msg timestamp="20231011 22:49:18.466" level="INFO">Typing text 'Rodrigo@1234' into text field 'senhaConf'.</msg>
<status status="PASS" starttime="20231011 22:49:18.465" endtime="20231011 22:49:18.529"/>
</kw>
<kw name="Capture Page Screenshot" library="SeleniumLibrary">
<doc>Takes a screenshot of the current page and embeds it into a log file.</doc>
<msg timestamp="20231011 22:49:18.663" level="INFO" html="true">&lt;/td&gt;&lt;/tr&gt;&lt;tr&gt;&lt;td colspan="3"&gt;&lt;a href="selenium-screenshot-1.png"&gt;&lt;img src="selenium-screenshot-1.png" width="800px"&gt;&lt;/a&gt;</msg>
<status status="PASS" starttime="20231011 22:49:18.529" endtime="20231011 22:49:18.663"/>
</kw>
<kw name="Click Button" library="SeleniumLibrary">
<arg>locator=${idButton}</arg>
<doc>Clicks the button identified by ``locator``.</doc>
<msg timestamp="20231011 22:49:18.664" level="INFO">Clicking button 'sendCadButton'.</msg>
<status status="PASS" starttime="20231011 22:49:18.663" endtime="20231011 22:49:18.812"/>
</kw>
<kw name="Get Location" library="SeleniumLibrary">
<var>${current_url}</var>
<doc>Returns the current browser window URL.</doc>
<msg timestamp="20231011 22:49:18.815" level="INFO">${current_url} = http://localhost/Teto-Facil/frontEnd/homepage.php</msg>
<status status="PASS" starttime="20231011 22:49:18.812" endtime="20231011 22:49:18.815"/>
</kw>
<kw name="Should Be Equal As Strings" library="BuiltIn">
<arg>${current_url}</arg>
<arg>${HOME URL}</arg>
<doc>Fails if objects are unequal after converting them to strings.</doc>
<status status="PASS" starttime="20231011 22:49:18.815" endtime="20231011 22:49:18.816"/>
</kw>
<kw name="Page Should Contain" library="SeleniumLibrary">
<arg>Olá, Rodrigo</arg>
<doc>Verifies that current page contains ``text``.</doc>
<msg timestamp="20231011 22:49:18.827" level="INFO">Current page contains text 'Olá, Rodrigo'.</msg>
<status status="PASS" starttime="20231011 22:49:18.816" endtime="20231011 22:49:18.827"/>
</kw>
<kw name="Capture Page Screenshot" library="SeleniumLibrary">
<doc>Takes a screenshot of the current page and embeds it into a log file.</doc>
<msg timestamp="20231011 22:49:18.956" level="INFO" html="true">&lt;/td&gt;&lt;/tr&gt;&lt;tr&gt;&lt;td colspan="3"&gt;&lt;a href="selenium-screenshot-2.png"&gt;&lt;img src="selenium-screenshot-2.png" width="800px"&gt;&lt;/a&gt;</msg>
<status status="PASS" starttime="20231011 22:49:18.828" endtime="20231011 22:49:18.957"/>
</kw>
<kw name="Close Browser" library="SeleniumLibrary">
<doc>Closes the current browser.</doc>
<status status="PASS" starttime="20231011 22:49:18.957" endtime="20231011 22:49:21.052"/>
</kw>
<status status="PASS" starttime="20231011 22:49:16.427" endtime="20231011 22:49:21.052"/>
</test>
<test id="s1-t2" name="Realizar Cadastro sem CPF" line="34">
<kw name="Open Browser" library="SeleniumLibrary">
<arg>browser=${BROWSER}</arg>
<doc>Opens a new browser instance to the optional ``url``.</doc>
<msg timestamp="20231011 22:49:21.054" level="INFO">Opening browser 'Chrome' to base url 'None'.</msg>
<msg timestamp="20231011 22:49:21.334" level="WARN">The chromedriver version (117.0.5938.149) detected in PATH at C:\Users\munch\AppData\Local\Programs\Python\Python312\Scripts\chromedriver.exe might not be compatible with the detected chrome version (118.0.5993.71); currently, chromedriver 118.0.5993.70 is recommended for chrome 118.*, so it is advised to delete the driver in PATH and retry</msg>
<status status="PASS" starttime="20231011 22:49:21.054" endtime="20231011 22:49:22.426"/>
</kw>
<kw name="Maximize Browser Window" library="SeleniumLibrary">
<doc>Maximizes current browser window.</doc>
<status status="PASS" starttime="20231011 22:49:22.426" endtime="20231011 22:49:22.538"/>
</kw>
<kw name="Go To" library="SeleniumLibrary">
<arg>url=${CADASTRO URL}</arg>
<doc>Navigates the current browser window to the provided ``url``.</doc>
<msg timestamp="20231011 22:49:22.539" level="INFO">Opening url 'http://localhost/Teto-Facil/frontEnd/loginpage.php'</msg>
<status status="PASS" starttime="20231011 22:49:22.539" endtime="20231011 22:49:22.677"/>
</kw>
<kw name="Input Text" library="SeleniumLibrary">
<arg>locator=${idNome}</arg>
<arg>text=Rodrigo</arg>
<doc>Types the given ``text`` into the text field identified by ``locator``.</doc>
<msg timestamp="20231011 22:49:22.679" level="INFO">Typing text 'Rodrigo' into text field 'name'.</msg>
<status status="PASS" starttime="20231011 22:49:22.677" endtime="20231011 22:49:22.763"/>
</kw>
<kw name="Input Text" library="SeleniumLibrary">
<arg>locator=${idEmail}</arg>
<arg>text=rodrigo@gmail.com</arg>
<doc>Types the given ``text`` into the text field identified by ``locator``.</doc>
<msg timestamp="20231011 22:49:22.764" level="INFO">Typing text 'rodrigo@gmail.com' into text field 'emailCad'.</msg>
<status status="PASS" starttime="20231011 22:49:22.763" endtime="20231011 22:49:22.832"/>
</kw>
<kw name="Input Text" library="SeleniumLibrary">
<arg>locator=${idSenha}</arg>
<arg>text=Rodrigo@1234</arg>
<doc>Types the given ``text`` into the text field identified by ``locator``.</doc>
<msg timestamp="20231011 22:49:22.832" level="INFO">Typing text 'Rodrigo@1234' into text field 'senhaCad'.</msg>
<status status="PASS" starttime="20231011 22:49:22.832" endtime="20231011 22:49:22.897"/>
</kw>
<kw name="Input Text" library="SeleniumLibrary">
<arg>locator=${idSenhaConf}</arg>
<arg>text=Rodrigo@1234</arg>
<doc>Types the given ``text`` into the text field identified by ``locator``.</doc>
<msg timestamp="20231011 22:49:22.898" level="INFO">Typing text 'Rodrigo@1234' into text field 'senhaConf'.</msg>
<status status="PASS" starttime="20231011 22:49:22.897" endtime="20231011 22:49:22.957"/>
</kw>
<kw name="Capture Page Screenshot" library="SeleniumLibrary">
<doc>Takes a screenshot of the current page and embeds it into a log file.</doc>
<msg timestamp="20231011 22:49:23.093" level="INFO" html="true">&lt;/td&gt;&lt;/tr&gt;&lt;tr&gt;&lt;td colspan="3"&gt;&lt;a href="selenium-screenshot-3.png"&gt;&lt;img src="selenium-screenshot-3.png" width="800px"&gt;&lt;/a&gt;</msg>
<status status="PASS" starttime="20231011 22:49:22.957" endtime="20231011 22:49:23.093"/>
</kw>
<kw name="Click Button" library="SeleniumLibrary">
<arg>locator=${idButton}</arg>
<doc>Clicks the button identified by ``locator``.</doc>
<msg timestamp="20231011 22:49:23.093" level="INFO">Clicking button 'sendCadButton'.</msg>
<status status="PASS" starttime="20231011 22:49:23.093" endtime="20231011 22:49:23.142"/>
</kw>
<kw name="Handle Alert" library="SeleniumLibrary">
<var>${message}</var>
<arg>Accept</arg>
<doc>Handles the current alert and returns its message.</doc>
<msg timestamp="20231011 22:49:23.142" level="INFO">HANDLE::&lt;class 'NoneType'&gt;::None</msg>
<msg timestamp="20231011 22:49:23.147" level="INFO">${message} = CPF invalido !   Formato valido: xxx.xxx.xxx-xx</msg>
<status status="PASS" starttime="20231011 22:49:23.142" endtime="20231011 22:49:23.147"/>
</kw>
<kw name="Get Location" library="SeleniumLibrary">
<var>${current_url}</var>
<doc>Returns the current browser window URL.</doc>
<msg timestamp="20231011 22:49:23.151" level="INFO">${current_url} = http://localhost/Teto-Facil/frontEnd/loginpage.php</msg>
<status status="PASS" starttime="20231011 22:49:23.147" endtime="20231011 22:49:23.151"/>
</kw>
<kw name="Should Be Equal As Strings" library="BuiltIn">
<arg>${current_url}</arg>
<arg>${CADASTRO URL}</arg>
<doc>Fails if objects are unequal after converting them to strings.</doc>
<status status="PASS" starttime="20231011 22:49:23.152" endtime="20231011 22:49:23.153"/>
</kw>
<kw name="Capture Page Screenshot" library="SeleniumLibrary">
<doc>Takes a screenshot of the current page and embeds it into a log file.</doc>
<msg timestamp="20231011 22:49:23.303" level="INFO" html="true">&lt;/td&gt;&lt;/tr&gt;&lt;tr&gt;&lt;td colspan="3"&gt;&lt;a href="selenium-screenshot-4.png"&gt;&lt;img src="selenium-screenshot-4.png" width="800px"&gt;&lt;/a&gt;</msg>
<status status="PASS" starttime="20231011 22:49:23.153" endtime="20231011 22:49:23.303"/>
</kw>
<kw name="Close Browser" library="SeleniumLibrary">
<doc>Closes the current browser.</doc>
<status status="PASS" starttime="20231011 22:49:23.303" endtime="20231011 22:49:25.384"/>
</kw>
<status status="PASS" starttime="20231011 22:49:21.054" endtime="20231011 22:49:25.384"/>
</test>
<test id="s1-t3" name="Realizar Cadastro com senhas diferentes" line="50">
<kw name="Open Browser" library="SeleniumLibrary">
<arg>browser=${BROWSER}</arg>
<doc>Opens a new browser instance to the optional ``url``.</doc>
<msg timestamp="20231011 22:49:25.386" level="INFO">Opening browser 'Chrome' to base url 'None'.</msg>
<msg timestamp="20231011 22:49:25.681" level="WARN">The chromedriver version (117.0.5938.149) detected in PATH at C:\Users\munch\AppData\Local\Programs\Python\Python312\Scripts\chromedriver.exe might not be compatible with the detected chrome version (118.0.5993.71); currently, chromedriver 118.0.5993.70 is recommended for chrome 118.*, so it is advised to delete the driver in PATH and retry</msg>
<status status="PASS" starttime="20231011 22:49:25.386" endtime="20231011 22:49:26.853"/>
</kw>
<kw name="Maximize Browser Window" library="SeleniumLibrary">
<doc>Maximizes current browser window.</doc>
<status status="PASS" starttime="20231011 22:49:26.853" endtime="20231011 22:49:26.968"/>
</kw>
<kw name="Go To" library="SeleniumLibrary">
<arg>url=${CADASTRO URL}</arg>
<doc>Navigates the current browser window to the provided ``url``.</doc>
<msg timestamp="20231011 22:49:26.968" level="INFO">Opening url 'http://localhost/Teto-Facil/frontEnd/loginpage.php'</msg>
<status status="PASS" starttime="20231011 22:49:26.968" endtime="20231011 22:49:27.014"/>
</kw>
<kw name="Input Text" library="SeleniumLibrary">
<arg>locator=${idNome}</arg>
<arg>text=Otavio</arg>
<doc>Types the given ``text`` into the text field identified by ``locator``.</doc>
<msg timestamp="20231011 22:49:27.015" level="INFO">Typing text 'Otavio' into text field 'name'.</msg>
<status status="PASS" starttime="20231011 22:49:27.014" endtime="20231011 22:49:27.107"/>
</kw>
<kw name="Input Text" library="SeleniumLibrary">
<arg>locator=${idEmail}</arg>
<arg>text=otavio@gmail.com</arg>
<doc>Types the given ``text`` into the text field identified by ``locator``.</doc>
<msg timestamp="20231011 22:49:27.108" level="INFO">Typing text 'otavio@gmail.com' into text field 'emailCad'.</msg>
<status status="PASS" starttime="20231011 22:49:27.107" endtime="20231011 22:49:27.174"/>
</kw>
<kw name="Input Text" library="SeleniumLibrary">
<arg>locator=${idCPF}</arg>
<arg>text=12345678911</arg>
<doc>Types the given ``text`` into the text field identified by ``locator``.</doc>
<msg timestamp="20231011 22:49:27.175" level="INFO">Typing text '12345678911' into text field 'cpfCad'.</msg>
<status status="PASS" starttime="20231011 22:49:27.174" endtime="20231011 22:49:27.238"/>
</kw>
<kw name="Input Text" library="SeleniumLibrary">
<arg>locator=${idSenha}</arg>
<arg>text=Otavio@1234</arg>
<doc>Types the given ``text`` into the text field identified by ``locator``.</doc>
<msg timestamp="20231011 22:49:27.238" level="INFO">Typing text 'Otavio@1234' into text field 'senhaCad'.</msg>
<status status="PASS" starttime="20231011 22:49:27.238" endtime="20231011 22:49:27.301"/>
</kw>
<kw name="Input Text" library="SeleniumLibrary">
<arg>locator=${idSenhaConf}</arg>
<arg>text=Otavio@12345</arg>
<doc>Types the given ``text`` into the text field identified by ``locator``.</doc>
<msg timestamp="20231011 22:49:27.302" level="INFO">Typing text 'Otavio@12345' into text field 'senhaConf'.</msg>
<status status="PASS" starttime="20231011 22:49:27.302" endtime="20231011 22:49:27.367"/>
</kw>
<kw name="Capture Page Screenshot" library="SeleniumLibrary">
<doc>Takes a screenshot of the current page and embeds it into a log file.</doc>
<msg timestamp="20231011 22:49:27.499" level="INFO" html="true">&lt;/td&gt;&lt;/tr&gt;&lt;tr&gt;&lt;td colspan="3"&gt;&lt;a href="selenium-screenshot-5.png"&gt;&lt;img src="selenium-screenshot-5.png" width="800px"&gt;&lt;/a&gt;</msg>
<status status="PASS" starttime="20231011 22:49:27.367" endtime="20231011 22:49:27.499"/>
</kw>
<kw name="Click Button" library="SeleniumLibrary">
<arg>locator=${idButton}</arg>
<doc>Clicks the button identified by ``locator``.</doc>
<msg timestamp="20231011 22:49:27.499" level="INFO">Clicking button 'sendCadButton'.</msg>
<status status="PASS" starttime="20231011 22:49:27.499" endtime="20231011 22:49:27.546"/>
</kw>
<kw name="Handle Alert" library="SeleniumLibrary">
<var>${message}</var>
<arg>Accept</arg>
<doc>Handles the current alert and returns its message.</doc>
<msg timestamp="20231011 22:49:27.547" level="INFO">HANDLE::&lt;class 'NoneType'&gt;::None</msg>
<msg timestamp="20231011 22:49:27.551" level="INFO">${message} = As senhas não são iguais !</msg>
<status status="PASS" starttime="20231011 22:49:27.547" endtime="20231011 22:49:27.551"/>
</kw>
<kw name="Should Be Equal As Strings" library="BuiltIn">
<arg>${message}</arg>
<arg>As senhas não são iguais !</arg>
<doc>Fails if objects are unequal after converting them to strings.</doc>
<status status="PASS" starttime="20231011 22:49:27.551" endtime="20231011 22:49:27.553"/>
</kw>
<kw name="Get Location" library="SeleniumLibrary">
<var>${current_url}</var>
<doc>Returns the current browser window URL.</doc>
<msg timestamp="20231011 22:49:27.558" level="INFO">${current_url} = http://localhost/Teto-Facil/frontEnd/loginpage.php</msg>
<status status="PASS" starttime="20231011 22:49:27.553" endtime="20231011 22:49:27.558"/>
</kw>
<kw name="Should Be Equal As Strings" library="BuiltIn">
<arg>${current_url}</arg>
<arg>${CADASTRO URL}</arg>
<doc>Fails if objects are unequal after converting them to strings.</doc>
<status status="PASS" starttime="20231011 22:49:27.558" endtime="20231011 22:49:27.558"/>
</kw>
<kw name="Capture Page Screenshot" library="SeleniumLibrary">
<doc>Takes a screenshot of the current page and embeds it into a log file.</doc>
<msg timestamp="20231011 22:49:27.698" level="INFO" html="true">&lt;/td&gt;&lt;/tr&gt;&lt;tr&gt;&lt;td colspan="3"&gt;&lt;a href="selenium-screenshot-6.png"&gt;&lt;img src="selenium-screenshot-6.png" width="800px"&gt;&lt;/a&gt;</msg>
<status status="PASS" starttime="20231011 22:49:27.559" endtime="20231011 22:49:27.698"/>
</kw>
<kw name="Close Browser" library="SeleniumLibrary">
<doc>Closes the current browser.</doc>
<status status="PASS" starttime="20231011 22:49:27.698" endtime="20231011 22:49:29.772"/>
</kw>
<status status="PASS" starttime="20231011 22:49:25.386" endtime="20231011 22:49:29.772"/>
</test>
<doc>Casos de Testes para Login de Usuário</doc>
<status status="PASS" starttime="20231011 22:49:16.247" endtime="20231011 22:49:29.773"/>
</suite>
<statistics>
<total>
<stat pass="3" fail="0" skip="0">All Tests</stat>
</total>
<tag>
</tag>
<suite>
<stat pass="3" fail="0" skip="0" id="s1" name="Cadastro">Cadastro</stat>
</suite>
</statistics>
<errors>
<msg timestamp="20231011 22:49:16.734" level="WARN">The chromedriver version (117.0.5938.149) detected in PATH at C:\Users\munch\AppData\Local\Programs\Python\Python312\Scripts\chromedriver.exe might not be compatible with the detected chrome version (118.0.5993.71); currently, chromedriver 118.0.5993.70 is recommended for chrome 118.*, so it is advised to delete the driver in PATH and retry</msg>
<msg timestamp="20231011 22:49:21.334" level="WARN">The chromedriver version (117.0.5938.149) detected in PATH at C:\Users\munch\AppData\Local\Programs\Python\Python312\Scripts\chromedriver.exe might not be compatible with the detected chrome version (118.0.5993.71); currently, chromedriver 118.0.5993.70 is recommended for chrome 118.*, so it is advised to delete the driver in PATH and retry</msg>
<msg timestamp="20231011 22:49:25.681" level="WARN">The chromedriver version (117.0.5938.149) detected in PATH at C:\Users\munch\AppData\Local\Programs\Python\Python312\Scripts\chromedriver.exe might not be compatible with the detected chrome version (118.0.5993.71); currently, chromedriver 118.0.5993.70 is recommended for chrome 118.*, so it is advised to delete the driver in PATH and retry</msg>
</errors>
</robot>
