<?xml version="1.0" encoding="UTF-8"?>
<robot generator="Robot 6.1.1 (Python 3.11.0 on win32)" generated="20231031 21:06:03.927" rpa="false" schemaversion="4">
<suite id="s1" name="Cadastro" source="C:\Users\munch\Desktop\VS Codes\Testes_TF\Usuario\Cadastro\cadastro.robot">
<test id="s1-t1" name="CT1 - Realizar Cadstro com Sucesso" line="11">
<kw name="Abrir o navegador" library="cadastro_resources" type="SETUP">
<kw name="Open Browser" library="SeleniumLibrary">
<arg>browser=${BROWSER}</arg>
<doc>Opens a new browser instance to the optional ``url``.</doc>
<msg timestamp="20231031 21:06:04.082" level="INFO">Opening browser 'chrome' to base url 'None'.</msg>
<status status="PASS" starttime="20231031 21:06:04.082" endtime="20231031 21:06:05.405"/>
</kw>
<kw name="Maximize Browser Window" library="SeleniumLibrary">
<doc>Maximizes current browser window.</doc>
<status status="PASS" starttime="20231031 21:06:05.405" endtime="20231031 21:06:05.522"/>
</kw>
<status status="PASS" starttime="20231031 21:06:04.082" endtime="20231031 21:06:05.522"/>
</kw>
<kw name="Dado que o usuário acesse a página de cadastro" library="cadastro_resources">
<kw name="Go To" library="SeleniumLibrary">
<arg>${CADASTRO URL}</arg>
<doc>Navigates the current browser window to the provided ``url``.</doc>
<msg timestamp="20231031 21:06:05.523" level="INFO">Opening url 'http://localhost/Teto-Facil/frontEnd/loginpage.php'</msg>
<status status="PASS" starttime="20231031 21:06:05.523" endtime="20231031 21:06:05.571"/>
</kw>
<status status="PASS" starttime="20231031 21:06:05.522" endtime="20231031 21:06:05.571"/>
</kw>
<kw name="E o usuário preenche o formulário de cadastro com dados válidos" library="cadastro_resources">
<kw name="Input Text" library="SeleniumLibrary">
<arg>locator=name</arg>
<arg>text=${NOME_CAD}</arg>
<doc>Types the given ``text`` into the text field identified by ``locator``.</doc>
<msg timestamp="20231031 21:06:05.574" level="INFO">Typing text 'Rodrigo' into text field 'name'.</msg>
<status status="PASS" starttime="20231031 21:06:05.573" endtime="20231031 21:06:05.656"/>
</kw>
<kw name="Input Text" library="SeleniumLibrary">
<arg>locator=emailCad</arg>
<arg>text=${EMAIL_CAD}</arg>
<doc>Types the given ``text`` into the text field identified by ``locator``.</doc>
<msg timestamp="20231031 21:06:05.657" level="INFO">Typing text 'rodrigomunch@gmail.com' into text field 'emailCad'.</msg>
<status status="PASS" starttime="20231031 21:06:05.656" endtime="20231031 21:06:05.723"/>
</kw>
<kw name="Input Text" library="SeleniumLibrary">
<arg>locator=cpfCad</arg>
<arg>text=${CPF_CAD}</arg>
<doc>Types the given ``text`` into the text field identified by ``locator``.</doc>
<msg timestamp="20231031 21:06:05.724" level="INFO">Typing text '97864531208' into text field 'cpfCad'.</msg>
<status status="PASS" starttime="20231031 21:06:05.723" endtime="20231031 21:06:05.773"/>
</kw>
<kw name="Input Text" library="SeleniumLibrary">
<arg>locator=senhaCad</arg>
<arg>text=${SENHA_CAD}</arg>
<doc>Types the given ``text`` into the text field identified by ``locator``.</doc>
<msg timestamp="20231031 21:06:05.774" level="INFO">Typing text 'Rodrigo@1234' into text field 'senhaCad'.</msg>
<status status="PASS" starttime="20231031 21:06:05.773" endtime="20231031 21:06:05.831"/>
</kw>
<kw name="Input Text" library="SeleniumLibrary">
<arg>locator=senhaConf</arg>
<arg>text=${SENHA_CONF_CAD}</arg>
<doc>Types the given ``text`` into the text field identified by ``locator``.</doc>
<msg timestamp="20231031 21:06:05.832" level="INFO">Typing text 'Rodrigo@1234' into text field 'senhaConf'.</msg>
<status status="PASS" starttime="20231031 21:06:05.831" endtime="20231031 21:06:05.886"/>
</kw>
<kw name="Capture Page Screenshot" library="SeleniumLibrary">
<doc>Takes a screenshot of the current page and embeds it into a log file.</doc>
<msg timestamp="20231031 21:06:05.974" level="INFO" html="true">&lt;/td&gt;&lt;/tr&gt;&lt;tr&gt;&lt;td colspan="3"&gt;&lt;a href="selenium-screenshot-1.png"&gt;&lt;img src="selenium-screenshot-1.png" width="800px"&gt;&lt;/a&gt;</msg>
<status status="PASS" starttime="20231031 21:06:05.887" endtime="20231031 21:06:05.974"/>
</kw>
<status status="PASS" starttime="20231031 21:06:05.572" endtime="20231031 21:06:05.974"/>
</kw>
<kw name="Quando o usuário clique no botão de cadastro" library="cadastro_resources">
<kw name="Click Element" library="SeleniumLibrary">
<arg>locator=sendCadButton</arg>
<doc>Click the element identified by ``locator``.</doc>
<msg timestamp="20231031 21:06:05.975" level="INFO">Clicking element 'sendCadButton'.</msg>
<status status="PASS" starttime="20231031 21:06:05.975" endtime="20231031 21:06:06.103"/>
</kw>
<status status="PASS" starttime="20231031 21:06:05.974" endtime="20231031 21:06:06.104"/>
</kw>
<kw name="Então o sistema deve verificar se o cadastro foi realizado com sucesso" library="cadastro_resources">
<kw name="Get Location" library="SeleniumLibrary">
<var>${current_url}</var>
<doc>Returns the current browser window URL.</doc>
<msg timestamp="20231031 21:06:06.107" level="INFO">${current_url} = http://localhost/Teto-Facil/frontEnd/homepage.php</msg>
<status status="PASS" starttime="20231031 21:06:06.104" endtime="20231031 21:06:06.107"/>
</kw>
<kw name="Should Be Equal As Strings" library="BuiltIn">
<arg>${current_url}</arg>
<arg>${HOME URL}</arg>
<doc>Fails if objects are unequal after converting them to strings.</doc>
<status status="PASS" starttime="20231031 21:06:06.107" endtime="20231031 21:06:06.108"/>
</kw>
<kw name="Page Should Contain" library="SeleniumLibrary">
<arg>Olá, ${NOME_CAD}</arg>
<doc>Verifies that current page contains ``text``.</doc>
<msg timestamp="20231031 21:06:06.120" level="INFO">Current page contains text 'Olá, Rodrigo'.</msg>
<status status="PASS" starttime="20231031 21:06:06.108" endtime="20231031 21:06:06.120"/>
</kw>
<status status="PASS" starttime="20231031 21:06:06.104" endtime="20231031 21:06:06.120"/>
</kw>
<kw name="Fechar o navegador" library="cadastro_resources" type="TEARDOWN">
<kw name="Capture Page Screenshot" library="SeleniumLibrary">
<doc>Takes a screenshot of the current page and embeds it into a log file.</doc>
<msg timestamp="20231031 21:06:06.212" level="INFO" html="true">&lt;/td&gt;&lt;/tr&gt;&lt;tr&gt;&lt;td colspan="3"&gt;&lt;a href="selenium-screenshot-2.png"&gt;&lt;img src="selenium-screenshot-2.png" width="800px"&gt;&lt;/a&gt;</msg>
<status status="PASS" starttime="20231031 21:06:06.121" endtime="20231031 21:06:06.212"/>
</kw>
<kw name="Close Browser" library="SeleniumLibrary">
<doc>Closes the current browser.</doc>
<status status="PASS" starttime="20231031 21:06:06.212" endtime="20231031 21:06:08.306"/>
</kw>
<status status="PASS" starttime="20231031 21:06:06.121" endtime="20231031 21:06:08.306"/>
</kw>
<doc>Caso de teste para realizar cadastro com sucesso</doc>
<tag>cadastroCorretor</tag>
<status status="PASS" starttime="20231031 21:06:04.081" endtime="20231031 21:06:08.306"/>
</test>
<test id="s1-t2" name="CT2 - Realizar Cadastro sem CPF" line="20">
<kw name="Abrir o navegador" library="cadastro_resources" type="SETUP">
<kw name="Open Browser" library="SeleniumLibrary">
<arg>browser=${BROWSER}</arg>
<doc>Opens a new browser instance to the optional ``url``.</doc>
<msg timestamp="20231031 21:06:08.308" level="INFO">Opening browser 'chrome' to base url 'None'.</msg>
<status status="PASS" starttime="20231031 21:06:08.307" endtime="20231031 21:06:09.613"/>
</kw>
<kw name="Maximize Browser Window" library="SeleniumLibrary">
<doc>Maximizes current browser window.</doc>
<status status="PASS" starttime="20231031 21:06:09.613" endtime="20231031 21:06:09.731"/>
</kw>
<status status="PASS" starttime="20231031 21:06:08.307" endtime="20231031 21:06:09.731"/>
</kw>
<kw name="Dado que o usuário acesse a página de cadastro" library="cadastro_resources">
<kw name="Go To" library="SeleniumLibrary">
<arg>${CADASTRO URL}</arg>
<doc>Navigates the current browser window to the provided ``url``.</doc>
<msg timestamp="20231031 21:06:09.732" level="INFO">Opening url 'http://localhost/Teto-Facil/frontEnd/loginpage.php'</msg>
<status status="PASS" starttime="20231031 21:06:09.731" endtime="20231031 21:06:09.775"/>
</kw>
<status status="PASS" starttime="20231031 21:06:09.731" endtime="20231031 21:06:09.775"/>
</kw>
<kw name="E o usuário preenche o formulário de cadastro sem o campo CPF" library="cadastro_resources">
<kw name="Input Text" library="SeleniumLibrary">
<arg>locator=name</arg>
<arg>text=${NOME_CAD}</arg>
<doc>Types the given ``text`` into the text field identified by ``locator``.</doc>
<msg timestamp="20231031 21:06:09.777" level="INFO">Typing text 'Rodrigo' into text field 'name'.</msg>
<status status="PASS" starttime="20231031 21:06:09.776" endtime="20231031 21:06:09.872"/>
</kw>
<kw name="Input Text" library="SeleniumLibrary">
<arg>locator=emailCad</arg>
<arg>text=${EMAIL_CAD}</arg>
<doc>Types the given ``text`` into the text field identified by ``locator``.</doc>
<msg timestamp="20231031 21:06:09.873" level="INFO">Typing text 'rodrigomunch@gmail.com' into text field 'emailCad'.</msg>
<status status="PASS" starttime="20231031 21:06:09.872" endtime="20231031 21:06:09.941"/>
</kw>
<kw name="Input Text" library="SeleniumLibrary">
<arg>locator=senhaCad</arg>
<arg>text=${SENHA_CAD}</arg>
<doc>Types the given ``text`` into the text field identified by ``locator``.</doc>
<msg timestamp="20231031 21:06:09.942" level="INFO">Typing text 'Rodrigo@1234' into text field 'senhaCad'.</msg>
<status status="PASS" starttime="20231031 21:06:09.941" endtime="20231031 21:06:09.996"/>
</kw>
<kw name="Input Text" library="SeleniumLibrary">
<arg>locator=senhaConf</arg>
<arg>text=${SENHA_CONF_CAD}</arg>
<doc>Types the given ``text`` into the text field identified by ``locator``.</doc>
<msg timestamp="20231031 21:06:09.997" level="INFO">Typing text 'Rodrigo@1234' into text field 'senhaConf'.</msg>
<status status="PASS" starttime="20231031 21:06:09.997" endtime="20231031 21:06:10.043"/>
</kw>
<kw name="Capture Page Screenshot" library="SeleniumLibrary">
<doc>Takes a screenshot of the current page and embeds it into a log file.</doc>
<msg timestamp="20231031 21:06:10.130" level="INFO" html="true">&lt;/td&gt;&lt;/tr&gt;&lt;tr&gt;&lt;td colspan="3"&gt;&lt;a href="selenium-screenshot-3.png"&gt;&lt;img src="selenium-screenshot-3.png" width="800px"&gt;&lt;/a&gt;</msg>
<status status="PASS" starttime="20231031 21:06:10.043" endtime="20231031 21:06:10.130"/>
</kw>
<status status="PASS" starttime="20231031 21:06:09.776" endtime="20231031 21:06:10.130"/>
</kw>
<kw name="Quando o usuário clique no botão de cadastro" library="cadastro_resources">
<kw name="Click Element" library="SeleniumLibrary">
<arg>locator=sendCadButton</arg>
<doc>Click the element identified by ``locator``.</doc>
<msg timestamp="20231031 21:06:10.131" level="INFO">Clicking element 'sendCadButton'.</msg>
<status status="PASS" starttime="20231031 21:06:10.130" endtime="20231031 21:06:10.157"/>
</kw>
<status status="PASS" starttime="20231031 21:06:10.130" endtime="20231031 21:06:10.157"/>
</kw>
<kw name="Então o sistema não deve realizar o cadastro" library="cadastro_resources">
<kw name="Handle Alert" library="SeleniumLibrary">
<var>${message}</var>
<arg>Accept</arg>
<doc>Handles the current alert and returns its message.</doc>
<msg timestamp="20231031 21:06:10.158" level="INFO">HANDLE::&lt;class 'NoneType'&gt;::None</msg>
<msg timestamp="20231031 21:06:10.161" level="INFO">${message} = CPF invalido !   Formato valido: xxx.xxx.xxx-xx</msg>
<status status="PASS" starttime="20231031 21:06:10.158" endtime="20231031 21:06:10.161"/>
</kw>
<kw name="Get Location" library="SeleniumLibrary">
<var>${current_url}</var>
<doc>Returns the current browser window URL.</doc>
<msg timestamp="20231031 21:06:10.165" level="INFO">${current_url} = http://localhost/Teto-Facil/frontEnd/loginpage.php</msg>
<status status="PASS" starttime="20231031 21:06:10.162" endtime="20231031 21:06:10.165"/>
</kw>
<kw name="Should Be Equal As Strings" library="BuiltIn">
<arg>${current_url}</arg>
<arg>${CADASTRO URL}</arg>
<doc>Fails if objects are unequal after converting them to strings.</doc>
<status status="PASS" starttime="20231031 21:06:10.165" endtime="20231031 21:06:10.166"/>
</kw>
<status status="PASS" starttime="20231031 21:06:10.158" endtime="20231031 21:06:10.166"/>
</kw>
<kw name="Fechar o navegador" library="cadastro_resources" type="TEARDOWN">
<kw name="Capture Page Screenshot" library="SeleniumLibrary">
<doc>Takes a screenshot of the current page and embeds it into a log file.</doc>
<msg timestamp="20231031 21:06:10.262" level="INFO" html="true">&lt;/td&gt;&lt;/tr&gt;&lt;tr&gt;&lt;td colspan="3"&gt;&lt;a href="selenium-screenshot-4.png"&gt;&lt;img src="selenium-screenshot-4.png" width="800px"&gt;&lt;/a&gt;</msg>
<status status="PASS" starttime="20231031 21:06:10.166" endtime="20231031 21:06:10.262"/>
</kw>
<kw name="Close Browser" library="SeleniumLibrary">
<doc>Closes the current browser.</doc>
<status status="PASS" starttime="20231031 21:06:10.262" endtime="20231031 21:06:12.340"/>
</kw>
<status status="PASS" starttime="20231031 21:06:10.166" endtime="20231031 21:06:12.340"/>
</kw>
<doc>Caso de teste para realizar cadastro sem o campo CPF preenchido</doc>
<tag>cadastroCorretorSemCPF</tag>
<status status="PASS" starttime="20231031 21:06:08.307" endtime="20231031 21:06:12.340"/>
</test>
<test id="s1-t3" name="CT3 - Realizar Cadastro com senhas diferentes" line="28">
<kw name="Abrir o navegador" library="cadastro_resources" type="SETUP">
<kw name="Open Browser" library="SeleniumLibrary">
<arg>browser=${BROWSER}</arg>
<doc>Opens a new browser instance to the optional ``url``.</doc>
<msg timestamp="20231031 21:06:12.342" level="INFO">Opening browser 'chrome' to base url 'None'.</msg>
<status status="PASS" starttime="20231031 21:06:12.341" endtime="20231031 21:06:13.598"/>
</kw>
<kw name="Maximize Browser Window" library="SeleniumLibrary">
<doc>Maximizes current browser window.</doc>
<status status="PASS" starttime="20231031 21:06:13.598" endtime="20231031 21:06:13.712"/>
</kw>
<status status="PASS" starttime="20231031 21:06:12.341" endtime="20231031 21:06:13.713"/>
</kw>
<kw name="Dado que o usuário acesse a página de cadastro" library="cadastro_resources">
<kw name="Go To" library="SeleniumLibrary">
<arg>${CADASTRO URL}</arg>
<doc>Navigates the current browser window to the provided ``url``.</doc>
<msg timestamp="20231031 21:06:13.713" level="INFO">Opening url 'http://localhost/Teto-Facil/frontEnd/loginpage.php'</msg>
<status status="PASS" starttime="20231031 21:06:13.713" endtime="20231031 21:06:13.761"/>
</kw>
<status status="PASS" starttime="20231031 21:06:13.713" endtime="20231031 21:06:13.761"/>
</kw>
<kw name="E o usuário preenche o formulário de cadastro com duas senhas diferentes" library="cadastro_resources">
<kw name="Input Text" library="SeleniumLibrary">
<arg>locator=name</arg>
<arg>text=${NOME_CAD}</arg>
<doc>Types the given ``text`` into the text field identified by ``locator``.</doc>
<msg timestamp="20231031 21:06:13.763" level="INFO">Typing text 'Rodrigo' into text field 'name'.</msg>
<status status="PASS" starttime="20231031 21:06:13.762" endtime="20231031 21:06:13.845"/>
</kw>
<kw name="Input Text" library="SeleniumLibrary">
<arg>locator=emailCad</arg>
<arg>text=${EMAIL_CAD_2}</arg>
<doc>Types the given ``text`` into the text field identified by ``locator``.</doc>
<msg timestamp="20231031 21:06:13.846" level="INFO">Typing text 'cesinha@gmail.com' into text field 'emailCad'.</msg>
<status status="PASS" starttime="20231031 21:06:13.846" endtime="20231031 21:06:13.914"/>
</kw>
<kw name="Input Text" library="SeleniumLibrary">
<arg>locator=cpfCad</arg>
<arg>text=${CPF_CAD_2}</arg>
<doc>Types the given ``text`` into the text field identified by ``locator``.</doc>
<msg timestamp="20231031 21:06:13.915" level="INFO">Typing text '71931846250' into text field 'cpfCad'.</msg>
<status status="PASS" starttime="20231031 21:06:13.914" endtime="20231031 21:06:13.973"/>
</kw>
<kw name="Input Text" library="SeleniumLibrary">
<arg>locator=senhaCad</arg>
<arg>text=${SENHA_CAD}</arg>
<doc>Types the given ``text`` into the text field identified by ``locator``.</doc>
<msg timestamp="20231031 21:06:13.974" level="INFO">Typing text 'Rodrigo@1234' into text field 'senhaCad'.</msg>
<status status="PASS" starttime="20231031 21:06:13.973" endtime="20231031 21:06:14.027"/>
</kw>
<kw name="Input Text" library="SeleniumLibrary">
<arg>locator=senhaConf</arg>
<arg>text=${SENHA_CONF_CAD_ERRADA}</arg>
<doc>Types the given ``text`` into the text field identified by ``locator``.</doc>
<msg timestamp="20231031 21:06:14.028" level="INFO">Typing text 'Cesar@1234' into text field 'senhaConf'.</msg>
<status status="PASS" starttime="20231031 21:06:14.027" endtime="20231031 21:06:14.074"/>
</kw>
<kw name="Capture Page Screenshot" library="SeleniumLibrary">
<doc>Takes a screenshot of the current page and embeds it into a log file.</doc>
<msg timestamp="20231031 21:06:14.164" level="INFO" html="true">&lt;/td&gt;&lt;/tr&gt;&lt;tr&gt;&lt;td colspan="3"&gt;&lt;a href="selenium-screenshot-5.png"&gt;&lt;img src="selenium-screenshot-5.png" width="800px"&gt;&lt;/a&gt;</msg>
<status status="PASS" starttime="20231031 21:06:14.074" endtime="20231031 21:06:14.164"/>
</kw>
<status status="PASS" starttime="20231031 21:06:13.762" endtime="20231031 21:06:14.164"/>
</kw>
<kw name="Quando o usuário clique no botão de cadastro" library="cadastro_resources">
<kw name="Click Element" library="SeleniumLibrary">
<arg>locator=sendCadButton</arg>
<doc>Click the element identified by ``locator``.</doc>
<msg timestamp="20231031 21:06:14.165" level="INFO">Clicking element 'sendCadButton'.</msg>
<status status="PASS" starttime="20231031 21:06:14.165" endtime="20231031 21:06:14.191"/>
</kw>
<status status="PASS" starttime="20231031 21:06:14.165" endtime="20231031 21:06:14.191"/>
</kw>
<kw name="Então o sistema não deve realizar o cadastro com senhas diferentes" library="cadastro_resources">
<kw name="Handle Alert" library="SeleniumLibrary">
<var>${message}</var>
<arg>Accept</arg>
<doc>Handles the current alert and returns its message.</doc>
<msg timestamp="20231031 21:06:14.192" level="INFO">HANDLE::&lt;class 'NoneType'&gt;::None</msg>
<msg timestamp="20231031 21:06:14.195" level="INFO">${message} = As senhas não são iguais !</msg>
<status status="PASS" starttime="20231031 21:06:14.192" endtime="20231031 21:06:14.195"/>
</kw>
<kw name="Should Be Equal As Strings" library="BuiltIn">
<arg>${message}</arg>
<arg>${msgSenhasDiferentes}</arg>
<doc>Fails if objects are unequal after converting them to strings.</doc>
<status status="PASS" starttime="20231031 21:06:14.195" endtime="20231031 21:06:14.196"/>
</kw>
<kw name="Get Location" library="SeleniumLibrary">
<var>${current_url}</var>
<doc>Returns the current browser window URL.</doc>
<msg timestamp="20231031 21:06:14.199" level="INFO">${current_url} = http://localhost/Teto-Facil/frontEnd/loginpage.php</msg>
<status status="PASS" starttime="20231031 21:06:14.196" endtime="20231031 21:06:14.199"/>
</kw>
<kw name="Should Be Equal As Strings" library="BuiltIn">
<arg>${current_url}</arg>
<arg>${CADASTRO URL}</arg>
<doc>Fails if objects are unequal after converting them to strings.</doc>
<status status="PASS" starttime="20231031 21:06:14.200" endtime="20231031 21:06:14.200"/>
</kw>
<status status="PASS" starttime="20231031 21:06:14.192" endtime="20231031 21:06:14.200"/>
</kw>
<kw name="Fechar o navegador" library="cadastro_resources" type="TEARDOWN">
<kw name="Capture Page Screenshot" library="SeleniumLibrary">
<doc>Takes a screenshot of the current page and embeds it into a log file.</doc>
<msg timestamp="20231031 21:06:14.301" level="INFO" html="true">&lt;/td&gt;&lt;/tr&gt;&lt;tr&gt;&lt;td colspan="3"&gt;&lt;a href="selenium-screenshot-6.png"&gt;&lt;img src="selenium-screenshot-6.png" width="800px"&gt;&lt;/a&gt;</msg>
<status status="PASS" starttime="20231031 21:06:14.200" endtime="20231031 21:06:14.301"/>
</kw>
<kw name="Close Browser" library="SeleniumLibrary">
<doc>Closes the current browser.</doc>
<status status="PASS" starttime="20231031 21:06:14.301" endtime="20231031 21:06:16.374"/>
</kw>
<status status="PASS" starttime="20231031 21:06:14.200" endtime="20231031 21:06:16.374"/>
</kw>
<doc>Caso de teste para realizar cadastro com senhas diferentes</doc>
<tag>cadastroCorretorSenhaDiferente</tag>
<status status="PASS" starttime="20231031 21:06:12.341" endtime="20231031 21:06:16.374"/>
</test>
<doc>Casos de cadastro para Login de Usuário</doc>
<status status="PASS" starttime="20231031 21:06:03.928" endtime="20231031 21:06:16.375"/>
</suite>
<statistics>
<total>
<stat pass="3" fail="0" skip="0">All Tests</stat>
</total>
<tag>
<stat pass="1" fail="0" skip="0">cadastroCorretor</stat>
<stat pass="1" fail="0" skip="0">cadastroCorretorSemCPF</stat>
<stat pass="1" fail="0" skip="0">cadastroCorretorSenhaDiferente</stat>
</tag>
<suite>
<stat pass="3" fail="0" skip="0" id="s1" name="Cadastro">Cadastro</stat>
</suite>
</statistics>
<errors>
</errors>
</robot>
