<?xml version="1.0" encoding="UTF-8"?>
<robot generator="Robot 6.1.1 (Python 3.11.5 on win32)" generated="20231002 22:30:21.930" rpa="false" schemaversion="4">
<suite id="s1" name="Login" source="C:\Users\vboxuser\Desktop\Testes_TF\Usuario\Login\login.robot">
<test id="s1-t1" name="Realizar Login com Sucesso" line="14">
<kw name="Open Browser" library="SeleniumLibrary">
<arg>browser=${BROWSER}</arg>
<doc>Opens a new browser instance to the optional ``url``.</doc>
<msg timestamp="20231002 22:30:22.316" level="INFO">Opening browser 'Chrome' to base url 'None'.</msg>
<status status="PASS" starttime="20231002 22:30:22.315" endtime="20231002 22:30:23.853"/>
</kw>
<kw name="Maximize Browser Window" library="SeleniumLibrary">
<doc>Maximizes current browser window.</doc>
<status status="PASS" starttime="20231002 22:30:23.853" endtime="20231002 22:30:23.998"/>
</kw>
<kw name="Go To" library="SeleniumLibrary">
<arg>url=${LOGIN URL}</arg>
<doc>Navigates the current browser window to the provided ``url``.</doc>
<msg timestamp="20231002 22:30:24.000" level="INFO">Opening url 'http://localhost/Teto-Facil/frontEnd/loginpage.php'</msg>
<status status="PASS" starttime="20231002 22:30:24.000" endtime="20231002 22:30:24.090"/>
</kw>
<kw name="Input Text" library="SeleniumLibrary">
<arg>locator=${idLogin}</arg>
<arg>text=cesar@gmail</arg>
<doc>Types the given ``text`` into the text field identified by ``locator``.</doc>
<msg timestamp="20231002 22:30:24.102" level="INFO">Typing text 'cesar@gmail' into text field 'nomeLogin'.</msg>
<status status="PASS" starttime="20231002 22:30:24.090" endtime="20231002 22:30:24.319"/>
</kw>
<kw name="Input Text" library="SeleniumLibrary">
<arg>locator=${idSenha}</arg>
<arg>text=123</arg>
<doc>Types the given ``text`` into the text field identified by ``locator``.</doc>
<msg timestamp="20231002 22:30:24.320" level="INFO">Typing text '123' into text field 'senhaLogin'.</msg>
<status status="PASS" starttime="20231002 22:30:24.320" endtime="20231002 22:30:24.422"/>
</kw>
<kw name="Capture Page Screenshot" library="SeleniumLibrary">
<doc>Takes a screenshot of the current page and embeds it into a log file.</doc>
<msg timestamp="20231002 22:30:24.587" level="INFO" html="true">&lt;/td&gt;&lt;/tr&gt;&lt;tr&gt;&lt;td colspan="3"&gt;&lt;a href="selenium-screenshot-1.png"&gt;&lt;img src="selenium-screenshot-1.png" width="800px"&gt;&lt;/a&gt;</msg>
<status status="PASS" starttime="20231002 22:30:24.424" endtime="20231002 22:30:24.587"/>
</kw>
<kw name="Click Button" library="SeleniumLibrary">
<arg>locator=//button[@type='submit']</arg>
<doc>Clicks the button identified by ``locator``.</doc>
<msg timestamp="20231002 22:30:24.587" level="INFO">Clicking button '//button[@type='submit']'.</msg>
<status status="PASS" starttime="20231002 22:30:24.587" endtime="20231002 22:30:24.794"/>
</kw>
<kw name="Get Location" library="SeleniumLibrary">
<var>${current_url}</var>
<doc>Returns the current browser window URL.</doc>
<msg timestamp="20231002 22:30:24.795" level="INFO">${current_url} = http://localhost/Teto-Facil/frontEnd/homepage.php</msg>
<status status="PASS" starttime="20231002 22:30:24.795" endtime="20231002 22:30:24.795"/>
</kw>
<kw name="Should Be Equal As Strings" library="BuiltIn">
<arg>${current_url}</arg>
<arg>${HOME URL}</arg>
<doc>Fails if objects are unequal after converting them to strings.</doc>
<status status="PASS" starttime="20231002 22:30:24.795" endtime="20231002 22:30:24.795"/>
</kw>
<kw name="Page Should Contain" library="SeleniumLibrary">
<arg>Olá, César Willian Pacheco</arg>
<doc>Verifies that current page contains ``text``.</doc>
<msg timestamp="20231002 22:30:24.821" level="INFO">Current page contains text 'Olá, César Willian Pacheco'.</msg>
<status status="PASS" starttime="20231002 22:30:24.795" endtime="20231002 22:30:24.821"/>
</kw>
<kw name="Capture Page Screenshot" library="SeleniumLibrary">
<doc>Takes a screenshot of the current page and embeds it into a log file.</doc>
<msg timestamp="20231002 22:30:25.012" level="INFO" html="true">&lt;/td&gt;&lt;/tr&gt;&lt;tr&gt;&lt;td colspan="3"&gt;&lt;a href="selenium-screenshot-2.png"&gt;&lt;img src="selenium-screenshot-2.png" width="800px"&gt;&lt;/a&gt;</msg>
<status status="PASS" starttime="20231002 22:30:24.823" endtime="20231002 22:30:25.013"/>
</kw>
<kw name="Close Browser" library="SeleniumLibrary">
<doc>Closes the current browser.</doc>
<status status="PASS" starttime="20231002 22:30:25.013" endtime="20231002 22:30:27.183"/>
</kw>
<status status="PASS" starttime="20231002 22:30:22.314" endtime="20231002 22:30:27.185"/>
</test>
<test id="s1-t2" name="Realizar Login sem senha" line="28">
<kw name="Open Browser" library="SeleniumLibrary">
<arg>browser=${BROWSER}</arg>
<doc>Opens a new browser instance to the optional ``url``.</doc>
<msg timestamp="20231002 22:30:27.187" level="INFO">Opening browser 'Chrome' to base url 'None'.</msg>
<status status="PASS" starttime="20231002 22:30:27.187" endtime="20231002 22:30:28.542"/>
</kw>
<kw name="Maximize Browser Window" library="SeleniumLibrary">
<doc>Maximizes current browser window.</doc>
<status status="PASS" starttime="20231002 22:30:28.543" endtime="20231002 22:30:28.679"/>
</kw>
<kw name="Go To" library="SeleniumLibrary">
<arg>url=${LOGIN URL}</arg>
<doc>Navigates the current browser window to the provided ``url``.</doc>
<msg timestamp="20231002 22:30:28.679" level="INFO">Opening url 'http://localhost/Teto-Facil/frontEnd/loginpage.php'</msg>
<status status="PASS" starttime="20231002 22:30:28.679" endtime="20231002 22:30:28.789"/>
</kw>
<kw name="Input Text" library="SeleniumLibrary">
<arg>locator=${idLogin}</arg>
<arg>text=cesar@gmail</arg>
<doc>Types the given ``text`` into the text field identified by ``locator``.</doc>
<msg timestamp="20231002 22:30:28.803" level="INFO">Typing text 'cesar@gmail' into text field 'nomeLogin'.</msg>
<status status="PASS" starttime="20231002 22:30:28.803" endtime="20231002 22:30:29.023"/>
</kw>
<kw name="Capture Page Screenshot" library="SeleniumLibrary">
<doc>Takes a screenshot of the current page and embeds it into a log file.</doc>
<msg timestamp="20231002 22:30:29.174" level="INFO" html="true">&lt;/td&gt;&lt;/tr&gt;&lt;tr&gt;&lt;td colspan="3"&gt;&lt;a href="selenium-screenshot-3.png"&gt;&lt;img src="selenium-screenshot-3.png" width="800px"&gt;&lt;/a&gt;</msg>
<status status="PASS" starttime="20231002 22:30:29.023" endtime="20231002 22:30:29.174"/>
</kw>
<kw name="Click Button" library="SeleniumLibrary">
<arg>locator=//button[@type='submit']</arg>
<doc>Clicks the button identified by ``locator``.</doc>
<msg timestamp="20231002 22:30:29.174" level="INFO">Clicking button '//button[@type='submit']'.</msg>
<status status="PASS" starttime="20231002 22:30:29.174" endtime="20231002 22:30:29.379"/>
</kw>
<kw name="Handle Alert" library="SeleniumLibrary">
<var>${message}</var>
<arg>Accept</arg>
<doc>Handles the current alert and returns its message.</doc>
<msg timestamp="20231002 22:30:29.380" level="INFO">HANDLE::&lt;class 'NoneType'&gt;::None</msg>
<msg timestamp="20231002 22:30:29.385" level="INFO">${message} = E-mail ou senha Inválidos</msg>
<status status="PASS" starttime="20231002 22:30:29.380" endtime="20231002 22:30:29.385"/>
</kw>
<kw name="Should Be Equal As Strings" library="BuiltIn">
<arg>${message}</arg>
<arg>${msgAlertLogin}</arg>
<doc>Fails if objects are unequal after converting them to strings.</doc>
<status status="PASS" starttime="20231002 22:30:29.387" endtime="20231002 22:30:29.387"/>
</kw>
<kw name="Close Browser" library="SeleniumLibrary">
<doc>Closes the current browser.</doc>
<status status="PASS" starttime="20231002 22:30:29.388" endtime="20231002 22:30:31.543"/>
</kw>
<status status="PASS" starttime="20231002 22:30:27.187" endtime="20231002 22:30:31.543"/>
</test>
<test id="s1-t3" name="Realizar Login sem e-mail" line="39">
<kw name="Open Browser" library="SeleniumLibrary">
<arg>browser=${BROWSER}</arg>
<doc>Opens a new browser instance to the optional ``url``.</doc>
<msg timestamp="20231002 22:30:31.543" level="INFO">Opening browser 'Chrome' to base url 'None'.</msg>
<status status="PASS" starttime="20231002 22:30:31.543" endtime="20231002 22:30:32.922"/>
</kw>
<kw name="Maximize Browser Window" library="SeleniumLibrary">
<doc>Maximizes current browser window.</doc>
<status status="PASS" starttime="20231002 22:30:32.923" endtime="20231002 22:30:33.056"/>
</kw>
<kw name="Go To" library="SeleniumLibrary">
<arg>url=${LOGIN URL}</arg>
<doc>Navigates the current browser window to the provided ``url``.</doc>
<msg timestamp="20231002 22:30:33.056" level="INFO">Opening url 'http://localhost/Teto-Facil/frontEnd/loginpage.php'</msg>
<status status="PASS" starttime="20231002 22:30:33.056" endtime="20231002 22:30:33.185"/>
</kw>
<kw name="Input Text" library="SeleniumLibrary">
<arg>locator=${idSenha}</arg>
<arg>text=123</arg>
<doc>Types the given ``text`` into the text field identified by ``locator``.</doc>
<msg timestamp="20231002 22:30:33.186" level="INFO">Typing text '123' into text field 'senhaLogin'.</msg>
<status status="PASS" starttime="20231002 22:30:33.186" endtime="20231002 22:30:33.382"/>
</kw>
<kw name="Capture Page Screenshot" library="SeleniumLibrary">
<doc>Takes a screenshot of the current page and embeds it into a log file.</doc>
<msg timestamp="20231002 22:30:33.534" level="INFO" html="true">&lt;/td&gt;&lt;/tr&gt;&lt;tr&gt;&lt;td colspan="3"&gt;&lt;a href="selenium-screenshot-4.png"&gt;&lt;img src="selenium-screenshot-4.png" width="800px"&gt;&lt;/a&gt;</msg>
<status status="PASS" starttime="20231002 22:30:33.383" endtime="20231002 22:30:33.534"/>
</kw>
<kw name="Click Button" library="SeleniumLibrary">
<arg>locator=//button[@type='submit']</arg>
<doc>Clicks the button identified by ``locator``.</doc>
<msg timestamp="20231002 22:30:33.534" level="INFO">Clicking button '//button[@type='submit']'.</msg>
<status status="PASS" starttime="20231002 22:30:33.534" endtime="20231002 22:30:33.664"/>
</kw>
<kw name="Handle Alert" library="SeleniumLibrary">
<var>${message}</var>
<arg>Accept</arg>
<doc>Handles the current alert and returns its message.</doc>
<msg timestamp="20231002 22:30:33.664" level="INFO">HANDLE::&lt;class 'NoneType'&gt;::None</msg>
<msg timestamp="20231002 22:30:33.672" level="INFO">${message} = Email não encontrado</msg>
<status status="PASS" starttime="20231002 22:30:33.664" endtime="20231002 22:30:33.672"/>
</kw>
<kw name="Should Be Equal As Strings" library="BuiltIn">
<arg>${message}</arg>
<arg>${msgAlertLogin}</arg>
<doc>Fails if objects are unequal after converting them to strings.</doc>
<msg timestamp="20231002 22:30:33.673" level="FAIL">Email não encontrado != E-mail ou senha Inválidos</msg>
<status status="FAIL" starttime="20231002 22:30:33.673" endtime="20231002 22:30:33.673"/>
</kw>
<kw name="Close Browser" library="SeleniumLibrary">
<doc>Closes the current browser.</doc>
<status status="NOT RUN" starttime="20231002 22:30:33.675" endtime="20231002 22:30:33.675"/>
</kw>
<status status="FAIL" starttime="20231002 22:30:31.543" endtime="20231002 22:30:33.676">Email não encontrado != E-mail ou senha Inválidos</status>
</test>
<test id="s1-t4" name="Realizar Login sem e-mail e senha" line="50">
<kw name="Open Browser" library="SeleniumLibrary">
<arg>browser=${BROWSER}</arg>
<doc>Opens a new browser instance to the optional ``url``.</doc>
<msg timestamp="20231002 22:30:33.680" level="INFO">Opening browser 'Chrome' to base url 'None'.</msg>
<status status="PASS" starttime="20231002 22:30:33.678" endtime="20231002 22:30:35.076"/>
</kw>
<kw name="Maximize Browser Window" library="SeleniumLibrary">
<doc>Maximizes current browser window.</doc>
<status status="PASS" starttime="20231002 22:30:35.077" endtime="20231002 22:30:35.202"/>
</kw>
<kw name="Go To" library="SeleniumLibrary">
<arg>url=${LOGIN URL}</arg>
<doc>Navigates the current browser window to the provided ``url``.</doc>
<msg timestamp="20231002 22:30:35.202" level="INFO">Opening url 'http://localhost/Teto-Facil/frontEnd/loginpage.php'</msg>
<status status="PASS" starttime="20231002 22:30:35.202" endtime="20231002 22:30:35.284"/>
</kw>
<kw name="Capture Page Screenshot" library="SeleniumLibrary">
<doc>Takes a screenshot of the current page and embeds it into a log file.</doc>
<msg timestamp="20231002 22:30:35.478" level="INFO" html="true">&lt;/td&gt;&lt;/tr&gt;&lt;tr&gt;&lt;td colspan="3"&gt;&lt;a href="selenium-screenshot-5.png"&gt;&lt;img src="selenium-screenshot-5.png" width="800px"&gt;&lt;/a&gt;</msg>
<status status="PASS" starttime="20231002 22:30:35.286" endtime="20231002 22:30:35.478"/>
</kw>
<kw name="Click Button" library="SeleniumLibrary">
<arg>locator=//button[@type='submit']</arg>
<doc>Clicks the button identified by ``locator``.</doc>
<msg timestamp="20231002 22:30:35.479" level="INFO">Clicking button '//button[@type='submit']'.</msg>
<status status="PASS" starttime="20231002 22:30:35.479" endtime="20231002 22:30:35.629"/>
</kw>
<kw name="Handle Alert" library="SeleniumLibrary">
<var>${message}</var>
<arg>Accept</arg>
<doc>Handles the current alert and returns its message.</doc>
<msg timestamp="20231002 22:30:35.630" level="INFO">HANDLE::&lt;class 'NoneType'&gt;::None</msg>
<msg timestamp="20231002 22:30:35.636" level="INFO">${message} = Email não encontrado</msg>
<status status="PASS" starttime="20231002 22:30:35.630" endtime="20231002 22:30:35.636"/>
</kw>
<kw name="Should Be Equal As Strings" library="BuiltIn">
<arg>${message}</arg>
<arg>${msgAlertLogin}</arg>
<doc>Fails if objects are unequal after converting them to strings.</doc>
<msg timestamp="20231002 22:30:35.637" level="FAIL">Email não encontrado != E-mail ou senha Inválidos</msg>
<status status="FAIL" starttime="20231002 22:30:35.637" endtime="20231002 22:30:35.637"/>
</kw>
<kw name="Close Browser" library="SeleniumLibrary">
<doc>Closes the current browser.</doc>
<status status="NOT RUN" starttime="20231002 22:30:35.638" endtime="20231002 22:30:35.638"/>
</kw>
<status status="FAIL" starttime="20231002 22:30:33.677" endtime="20231002 22:30:35.638">Email não encontrado != E-mail ou senha Inválidos</status>
</test>
<doc>Casos de Testes para Login de Usuário</doc>
<status status="FAIL" starttime="20231002 22:30:21.930" endtime="20231002 22:30:35.640"/>
</suite>
<statistics>
<total>
<stat pass="2" fail="2" skip="0">All Tests</stat>
</total>
<tag>
</tag>
<suite>
<stat pass="2" fail="2" skip="0" id="s1" name="Login">Login</stat>
</suite>
</statistics>
<errors>
</errors>
</robot>
