<?xml version="1.0" encoding="UTF-8"?>
<robot generator="Robot 6.1.1 (Python 3.11.0 on win32)" generated="20231031 21:06:21.566" rpa="false" schemaversion="4">
<suite id="s1" name="Login" source="C:\Users\munch\Desktop\VS Codes\Testes_TF\Usuario\Login\login.robot">
<test id="s1-t1" name="CT1 - Realizar Login com Sucesso" line="18">
<kw name="Abrir o navegador" library="login_resources" type="SETUP">
<kw name="Open Browser" library="SeleniumLibrary">
<arg>browser=${BROWSER}</arg>
<doc>Opens a new browser instance to the optional ``url``.</doc>
<msg timestamp="20231031 21:06:21.721" level="INFO">Opening browser 'Chrome' to base url 'None'.</msg>
<status status="PASS" starttime="20231031 21:06:21.720" endtime="20231031 21:06:22.961"/>
</kw>
<kw name="Maximize Browser Window" library="SeleniumLibrary">
<doc>Maximizes current browser window.</doc>
<status status="PASS" starttime="20231031 21:06:22.961" endtime="20231031 21:06:23.074"/>
</kw>
<status status="PASS" starttime="20231031 21:06:21.720" endtime="20231031 21:06:23.074"/>
</kw>
<kw name="Dado que o usuário acesse a página de login do site" library="login_resources">
<kw name="Go To" library="SeleniumLibrary">
<arg>${LOGIN URL}</arg>
<doc>Navigates the current browser window to the provided ``url``.</doc>
<msg timestamp="20231031 21:06:23.075" level="INFO">Opening url 'http://localhost/Teto-Facil/frontEnd/loginpage.php'</msg>
<status status="PASS" starttime="20231031 21:06:23.075" endtime="20231031 21:06:23.133"/>
</kw>
<status status="PASS" starttime="20231031 21:06:23.074" endtime="20231031 21:06:23.133"/>
</kw>
<kw name="E o usuáiro preencha os dados corretamente" library="login_resources">
<kw name="Input Text" library="SeleniumLibrary">
<arg>locator=nomeLogin</arg>
<arg>text=${EMAIL_LOGIN}</arg>
<doc>Types the given ``text`` into the text field identified by ``locator``.</doc>
<msg timestamp="20231031 21:06:23.136" level="INFO">Typing text 'cesar@gmail' into text field 'nomeLogin'.</msg>
<status status="PASS" starttime="20231031 21:06:23.135" endtime="20231031 21:06:23.243"/>
</kw>
<kw name="Input Text" library="SeleniumLibrary">
<arg>locator=senhaLogin</arg>
<arg>text=${SENHA_LOGIN}</arg>
<doc>Types the given ``text`` into the text field identified by ``locator``.</doc>
<msg timestamp="20231031 21:06:23.244" level="INFO">Typing text '123' into text field 'senhaLogin'.</msg>
<status status="PASS" starttime="20231031 21:06:23.243" endtime="20231031 21:06:23.309"/>
</kw>
<kw name="Capture Page Screenshot" library="SeleniumLibrary">
<doc>Takes a screenshot of the current page and embeds it into a log file.</doc>
<msg timestamp="20231031 21:06:23.402" level="INFO" html="true">&lt;/td&gt;&lt;/tr&gt;&lt;tr&gt;&lt;td colspan="3"&gt;&lt;a href="selenium-screenshot-1.png"&gt;&lt;img src="selenium-screenshot-1.png" width="800px"&gt;&lt;/a&gt;</msg>
<status status="PASS" starttime="20231031 21:06:23.309" endtime="20231031 21:06:23.402"/>
</kw>
<status status="PASS" starttime="20231031 21:06:23.134" endtime="20231031 21:06:23.402"/>
</kw>
<kw name="Quando o usuário clicar no botão de Login" library="login_resources">
<kw name="Click Element" library="SeleniumLibrary">
<arg>locator=sendLoginButton</arg>
<doc>Click the element identified by ``locator``.</doc>
<msg timestamp="20231031 21:06:23.403" level="INFO">Clicking element 'sendLoginButton'.</msg>
<status status="PASS" starttime="20231031 21:06:23.403" endtime="20231031 21:06:23.510"/>
</kw>
<status status="PASS" starttime="20231031 21:06:23.402" endtime="20231031 21:06:23.510"/>
</kw>
<kw name="Então o sistema verifica se o login foi realizado com sucesso" library="login_resources">
<kw name="Get Location" library="SeleniumLibrary">
<var>${current_url}</var>
<doc>Returns the current browser window URL.</doc>
<msg timestamp="20231031 21:06:23.514" level="INFO">${current_url} = http://localhost/Teto-Facil/frontEnd/homepage.php</msg>
<status status="PASS" starttime="20231031 21:06:23.511" endtime="20231031 21:06:23.514"/>
</kw>
<kw name="Should Be Equal As Strings" library="BuiltIn">
<arg>${current_url}</arg>
<arg>${HOME URL}</arg>
<doc>Fails if objects are unequal after converting them to strings.</doc>
<status status="PASS" starttime="20231031 21:06:23.514" endtime="20231031 21:06:23.515"/>
</kw>
<kw name="Page Should Contain" library="SeleniumLibrary">
<arg>Olá, César Willian Pacheco</arg>
<doc>Verifies that current page contains ``text``.</doc>
<msg timestamp="20231031 21:06:23.527" level="INFO">Current page contains text 'Olá, César Willian Pacheco'.</msg>
<status status="PASS" starttime="20231031 21:06:23.515" endtime="20231031 21:06:23.528"/>
</kw>
<kw name="Capture Page Screenshot" library="SeleniumLibrary">
<doc>Takes a screenshot of the current page and embeds it into a log file.</doc>
<msg timestamp="20231031 21:06:23.620" level="INFO" html="true">&lt;/td&gt;&lt;/tr&gt;&lt;tr&gt;&lt;td colspan="3"&gt;&lt;a href="selenium-screenshot-2.png"&gt;&lt;img src="selenium-screenshot-2.png" width="800px"&gt;&lt;/a&gt;</msg>
<status status="PASS" starttime="20231031 21:06:23.528" endtime="20231031 21:06:23.620"/>
</kw>
<status status="PASS" starttime="20231031 21:06:23.510" endtime="20231031 21:06:23.621"/>
</kw>
<kw name="Fechar o navegador" library="login_resources" type="TEARDOWN">
<kw name="Capture Page Screenshot" library="SeleniumLibrary">
<doc>Takes a screenshot of the current page and embeds it into a log file.</doc>
<msg timestamp="20231031 21:06:23.712" level="INFO" html="true">&lt;/td&gt;&lt;/tr&gt;&lt;tr&gt;&lt;td colspan="3"&gt;&lt;a href="selenium-screenshot-3.png"&gt;&lt;img src="selenium-screenshot-3.png" width="800px"&gt;&lt;/a&gt;</msg>
<status status="PASS" starttime="20231031 21:06:23.622" endtime="20231031 21:06:23.712"/>
</kw>
<kw name="Close Browser" library="SeleniumLibrary">
<doc>Closes the current browser.</doc>
<status status="PASS" starttime="20231031 21:06:23.712" endtime="20231031 21:06:25.794"/>
</kw>
<status status="PASS" starttime="20231031 21:06:23.622" endtime="20231031 21:06:25.794"/>
</kw>
<doc>Caso de teste para realizar LOGIN com sucesso</doc>
<tag>login</tag>
<status status="PASS" starttime="20231031 21:06:21.720" endtime="20231031 21:06:25.794"/>
</test>
<test id="s1-t2" name="CT2 - Realizar Login sem senha" line="26">
<kw name="Abrir o navegador" library="login_resources" type="SETUP">
<kw name="Open Browser" library="SeleniumLibrary">
<arg>browser=${BROWSER}</arg>
<doc>Opens a new browser instance to the optional ``url``.</doc>
<msg timestamp="20231031 21:06:25.795" level="INFO">Opening browser 'Chrome' to base url 'None'.</msg>
<status status="PASS" starttime="20231031 21:06:25.795" endtime="20231031 21:06:27.112"/>
</kw>
<kw name="Maximize Browser Window" library="SeleniumLibrary">
<doc>Maximizes current browser window.</doc>
<status status="PASS" starttime="20231031 21:06:27.112" endtime="20231031 21:06:27.226"/>
</kw>
<status status="PASS" starttime="20231031 21:06:25.795" endtime="20231031 21:06:27.226"/>
</kw>
<kw name="Dado que o usuário acesse a página de login do site" library="login_resources">
<kw name="Go To" library="SeleniumLibrary">
<arg>${LOGIN URL}</arg>
<doc>Navigates the current browser window to the provided ``url``.</doc>
<msg timestamp="20231031 21:06:27.227" level="INFO">Opening url 'http://localhost/Teto-Facil/frontEnd/loginpage.php'</msg>
<status status="PASS" starttime="20231031 21:06:27.226" endtime="20231031 21:06:27.273"/>
</kw>
<status status="PASS" starttime="20231031 21:06:27.226" endtime="20231031 21:06:27.273"/>
</kw>
<kw name="E o usuário preenche apenas o campo de Email na área de login" library="login_resources">
<kw name="Input Text" library="SeleniumLibrary">
<arg>locator=nomeLogin</arg>
<arg>text=${EMAIL_LOGIN}</arg>
<doc>Types the given ``text`` into the text field identified by ``locator``.</doc>
<msg timestamp="20231031 21:06:27.275" level="INFO">Typing text 'cesar@gmail' into text field 'nomeLogin'.</msg>
<status status="PASS" starttime="20231031 21:06:27.274" endtime="20231031 21:06:27.363"/>
</kw>
<kw name="Capture Page Screenshot" library="SeleniumLibrary">
<doc>Takes a screenshot of the current page and embeds it into a log file.</doc>
<msg timestamp="20231031 21:06:27.464" level="INFO" html="true">&lt;/td&gt;&lt;/tr&gt;&lt;tr&gt;&lt;td colspan="3"&gt;&lt;a href="selenium-screenshot-4.png"&gt;&lt;img src="selenium-screenshot-4.png" width="800px"&gt;&lt;/a&gt;</msg>
<status status="PASS" starttime="20231031 21:06:27.363" endtime="20231031 21:06:27.464"/>
</kw>
<status status="PASS" starttime="20231031 21:06:27.273" endtime="20231031 21:06:27.464"/>
</kw>
<kw name="Quando o usuário clicar no botão de Login" library="login_resources">
<kw name="Click Element" library="SeleniumLibrary">
<arg>locator=sendLoginButton</arg>
<doc>Click the element identified by ``locator``.</doc>
<msg timestamp="20231031 21:06:27.464" level="INFO">Clicking element 'sendLoginButton'.</msg>
<status status="PASS" starttime="20231031 21:06:27.464" endtime="20231031 21:06:27.562"/>
</kw>
<status status="PASS" starttime="20231031 21:06:27.464" endtime="20231031 21:06:27.562"/>
</kw>
<kw name="Então o sistema não deve realizar o login sem senha" library="login_resources">
<kw name="Handle Alert" library="SeleniumLibrary">
<var>${message}</var>
<arg>Accept</arg>
<doc>Handles the current alert and returns its message.</doc>
<msg timestamp="20231031 21:06:27.564" level="INFO">HANDLE::&lt;class 'NoneType'&gt;::None</msg>
<msg timestamp="20231031 21:06:27.567" level="INFO">${message} = E-mail ou senha Inválidos</msg>
<status status="PASS" starttime="20231031 21:06:27.564" endtime="20231031 21:06:27.567"/>
</kw>
<kw name="Should Be Equal As Strings" library="BuiltIn">
<arg>${message}</arg>
<arg>${msgAlertSenha}</arg>
<doc>Fails if objects are unequal after converting them to strings.</doc>
<status status="PASS" starttime="20231031 21:06:27.567" endtime="20231031 21:06:27.567"/>
</kw>
<kw name="Get Location" library="SeleniumLibrary">
<var>${current_url}</var>
<doc>Returns the current browser window URL.</doc>
<msg timestamp="20231031 21:06:27.578" level="INFO">${current_url} = http://localhost/Teto-Facil/frontEnd/loginpage.php?Alert=E-mail%20ou%20senha%20Inv%C3%A1lidos</msg>
<status status="PASS" starttime="20231031 21:06:27.567" endtime="20231031 21:06:27.578"/>
</kw>
<kw name="Should Be Equal As Strings" library="BuiltIn">
<arg>${current_url}</arg>
<arg>${URL_EMAIL_SENHA_ALERT}</arg>
<doc>Fails if objects are unequal after converting them to strings.</doc>
<status status="PASS" starttime="20231031 21:06:27.579" endtime="20231031 21:06:27.579"/>
</kw>
<kw name="Capture Page Screenshot" library="SeleniumLibrary">
<doc>Takes a screenshot of the current page and embeds it into a log file.</doc>
<msg timestamp="20231031 21:06:27.667" level="INFO" html="true">&lt;/td&gt;&lt;/tr&gt;&lt;tr&gt;&lt;td colspan="3"&gt;&lt;a href="selenium-screenshot-5.png"&gt;&lt;img src="selenium-screenshot-5.png" width="800px"&gt;&lt;/a&gt;</msg>
<status status="PASS" starttime="20231031 21:06:27.579" endtime="20231031 21:06:27.667"/>
</kw>
<status status="PASS" starttime="20231031 21:06:27.563" endtime="20231031 21:06:27.667"/>
</kw>
<kw name="Fechar o navegador" library="login_resources" type="TEARDOWN">
<kw name="Capture Page Screenshot" library="SeleniumLibrary">
<doc>Takes a screenshot of the current page and embeds it into a log file.</doc>
<msg timestamp="20231031 21:06:27.757" level="INFO" html="true">&lt;/td&gt;&lt;/tr&gt;&lt;tr&gt;&lt;td colspan="3"&gt;&lt;a href="selenium-screenshot-6.png"&gt;&lt;img src="selenium-screenshot-6.png" width="800px"&gt;&lt;/a&gt;</msg>
<status status="PASS" starttime="20231031 21:06:27.668" endtime="20231031 21:06:27.757"/>
</kw>
<kw name="Close Browser" library="SeleniumLibrary">
<doc>Closes the current browser.</doc>
<status status="PASS" starttime="20231031 21:06:27.757" endtime="20231031 21:06:29.840"/>
</kw>
<status status="PASS" starttime="20231031 21:06:27.668" endtime="20231031 21:06:29.840"/>
</kw>
<doc>Caso de teste para tentar realizar login sem senha</doc>
<tag>loginSemSenha</tag>
<status status="PASS" starttime="20231031 21:06:25.795" endtime="20231031 21:06:29.840"/>
</test>
<test id="s1-t3" name="CT3 - Realizar Login sem e-mail" line="34">
<kw name="Abrir o navegador" library="login_resources" type="SETUP">
<kw name="Open Browser" library="SeleniumLibrary">
<arg>browser=${BROWSER}</arg>
<doc>Opens a new browser instance to the optional ``url``.</doc>
<msg timestamp="20231031 21:06:29.842" level="INFO">Opening browser 'Chrome' to base url 'None'.</msg>
<status status="PASS" starttime="20231031 21:06:29.842" endtime="20231031 21:06:31.114"/>
</kw>
<kw name="Maximize Browser Window" library="SeleniumLibrary">
<doc>Maximizes current browser window.</doc>
<status status="PASS" starttime="20231031 21:06:31.114" endtime="20231031 21:06:31.227"/>
</kw>
<status status="PASS" starttime="20231031 21:06:29.841" endtime="20231031 21:06:31.227"/>
</kw>
<kw name="Dado que o usuário acesse a página de login do site" library="login_resources">
<kw name="Go To" library="SeleniumLibrary">
<arg>${LOGIN URL}</arg>
<doc>Navigates the current browser window to the provided ``url``.</doc>
<msg timestamp="20231031 21:06:31.227" level="INFO">Opening url 'http://localhost/Teto-Facil/frontEnd/loginpage.php'</msg>
<status status="PASS" starttime="20231031 21:06:31.227" endtime="20231031 21:06:31.273"/>
</kw>
<status status="PASS" starttime="20231031 21:06:31.227" endtime="20231031 21:06:31.273"/>
</kw>
<kw name="E o usuário preenche apenas o campo de Senha na área de login" library="login_resources">
<kw name="Input Text" library="SeleniumLibrary">
<arg>locator=senhaLogin</arg>
<arg>text=${SENHA_LOGIN}</arg>
<doc>Types the given ``text`` into the text field identified by ``locator``.</doc>
<msg timestamp="20231031 21:06:31.275" level="INFO">Typing text '123' into text field 'senhaLogin'.</msg>
<status status="PASS" starttime="20231031 21:06:31.274" endtime="20231031 21:06:31.349"/>
</kw>
<kw name="Capture Page Screenshot" library="SeleniumLibrary">
<doc>Takes a screenshot of the current page and embeds it into a log file.</doc>
<msg timestamp="20231031 21:06:31.448" level="INFO" html="true">&lt;/td&gt;&lt;/tr&gt;&lt;tr&gt;&lt;td colspan="3"&gt;&lt;a href="selenium-screenshot-7.png"&gt;&lt;img src="selenium-screenshot-7.png" width="800px"&gt;&lt;/a&gt;</msg>
<status status="PASS" starttime="20231031 21:06:31.350" endtime="20231031 21:06:31.448"/>
</kw>
<status status="PASS" starttime="20231031 21:06:31.274" endtime="20231031 21:06:31.448"/>
</kw>
<kw name="Quando o usuário clicar no botão de Login" library="login_resources">
<kw name="Click Element" library="SeleniumLibrary">
<arg>locator=sendLoginButton</arg>
<doc>Click the element identified by ``locator``.</doc>
<msg timestamp="20231031 21:06:31.449" level="INFO">Clicking element 'sendLoginButton'.</msg>
<status status="PASS" starttime="20231031 21:06:31.449" endtime="20231031 21:06:31.515"/>
</kw>
<status status="PASS" starttime="20231031 21:06:31.449" endtime="20231031 21:06:31.515"/>
</kw>
<kw name="Então o sistema não deve realizar o login sem email" library="login_resources">
<kw name="Handle Alert" library="SeleniumLibrary">
<var>${message}</var>
<arg>Accept</arg>
<doc>Handles the current alert and returns its message.</doc>
<msg timestamp="20231031 21:06:31.516" level="INFO">HANDLE::&lt;class 'NoneType'&gt;::None</msg>
<msg timestamp="20231031 21:06:31.520" level="INFO">${message} = Email não encontrado</msg>
<status status="PASS" starttime="20231031 21:06:31.516" endtime="20231031 21:06:31.520"/>
</kw>
<kw name="Should Be Equal As Strings" library="BuiltIn">
<arg>${message}</arg>
<arg>${msgAlertEmail}</arg>
<doc>Fails if objects are unequal after converting them to strings.</doc>
<status status="PASS" starttime="20231031 21:06:31.520" endtime="20231031 21:06:31.520"/>
</kw>
<kw name="Get Location" library="SeleniumLibrary">
<var>${current_url}</var>
<doc>Returns the current browser window URL.</doc>
<msg timestamp="20231031 21:06:31.538" level="INFO">${current_url} = http://localhost/Teto-Facil/frontEnd/loginpage.php?Alert=Email%20n%C3%A3o%20encontrado</msg>
<status status="PASS" starttime="20231031 21:06:31.520" endtime="20231031 21:06:31.538"/>
</kw>
<kw name="Should Be Equal As Strings" library="BuiltIn">
<arg>${current_url}</arg>
<arg>${URL_EMAIL_ALERT}</arg>
<doc>Fails if objects are unequal after converting them to strings.</doc>
<status status="PASS" starttime="20231031 21:06:31.538" endtime="20231031 21:06:31.539"/>
</kw>
<kw name="Capture Page Screenshot" library="SeleniumLibrary">
<doc>Takes a screenshot of the current page and embeds it into a log file.</doc>
<msg timestamp="20231031 21:06:31.636" level="INFO" html="true">&lt;/td&gt;&lt;/tr&gt;&lt;tr&gt;&lt;td colspan="3"&gt;&lt;a href="selenium-screenshot-8.png"&gt;&lt;img src="selenium-screenshot-8.png" width="800px"&gt;&lt;/a&gt;</msg>
<status status="PASS" starttime="20231031 21:06:31.539" endtime="20231031 21:06:31.636"/>
</kw>
<status status="PASS" starttime="20231031 21:06:31.515" endtime="20231031 21:06:31.636"/>
</kw>
<kw name="Fechar o navegador" library="login_resources" type="TEARDOWN">
<kw name="Capture Page Screenshot" library="SeleniumLibrary">
<doc>Takes a screenshot of the current page and embeds it into a log file.</doc>
<msg timestamp="20231031 21:06:31.727" level="INFO" html="true">&lt;/td&gt;&lt;/tr&gt;&lt;tr&gt;&lt;td colspan="3"&gt;&lt;a href="selenium-screenshot-9.png"&gt;&lt;img src="selenium-screenshot-9.png" width="800px"&gt;&lt;/a&gt;</msg>
<status status="PASS" starttime="20231031 21:06:31.637" endtime="20231031 21:06:31.727"/>
</kw>
<kw name="Close Browser" library="SeleniumLibrary">
<doc>Closes the current browser.</doc>
<status status="PASS" starttime="20231031 21:06:31.727" endtime="20231031 21:06:33.795"/>
</kw>
<status status="PASS" starttime="20231031 21:06:31.637" endtime="20231031 21:06:33.795"/>
</kw>
<doc>Caso de teste para tentar realizar login sem e-mail</doc>
<tag>loginSemEmail</tag>
<status status="PASS" starttime="20231031 21:06:29.841" endtime="20231031 21:06:33.795"/>
</test>
<test id="s1-t4" name="CT4 - Realizar Login sem e-mail e senha" line="42">
<kw name="Abrir o navegador" library="login_resources" type="SETUP">
<kw name="Open Browser" library="SeleniumLibrary">
<arg>browser=${BROWSER}</arg>
<doc>Opens a new browser instance to the optional ``url``.</doc>
<msg timestamp="20231031 21:06:33.797" level="INFO">Opening browser 'Chrome' to base url 'None'.</msg>
<status status="PASS" starttime="20231031 21:06:33.796" endtime="20231031 21:06:35.050"/>
</kw>
<kw name="Maximize Browser Window" library="SeleniumLibrary">
<doc>Maximizes current browser window.</doc>
<status status="PASS" starttime="20231031 21:06:35.050" endtime="20231031 21:06:35.165"/>
</kw>
<status status="PASS" starttime="20231031 21:06:33.796" endtime="20231031 21:06:35.165"/>
</kw>
<kw name="Dado que o usuário acesse a página de login do site" library="login_resources">
<kw name="Go To" library="SeleniumLibrary">
<arg>${LOGIN URL}</arg>
<doc>Navigates the current browser window to the provided ``url``.</doc>
<msg timestamp="20231031 21:06:35.165" level="INFO">Opening url 'http://localhost/Teto-Facil/frontEnd/loginpage.php'</msg>
<status status="PASS" starttime="20231031 21:06:35.165" endtime="20231031 21:06:35.221"/>
</kw>
<status status="PASS" starttime="20231031 21:06:35.165" endtime="20231031 21:06:35.221"/>
</kw>
<kw name="E o usuário não preenche nenhum dos campos na área de login" library="login_resources">
<kw name="Capture Page Screenshot" library="SeleniumLibrary">
<doc>Takes a screenshot of the current page and embeds it into a log file.</doc>
<msg timestamp="20231031 21:06:35.353" level="INFO" html="true">&lt;/td&gt;&lt;/tr&gt;&lt;tr&gt;&lt;td colspan="3"&gt;&lt;a href="selenium-screenshot-10.png"&gt;&lt;img src="selenium-screenshot-10.png" width="800px"&gt;&lt;/a&gt;</msg>
<status status="PASS" starttime="20231031 21:06:35.223" endtime="20231031 21:06:35.353"/>
</kw>
<status status="PASS" starttime="20231031 21:06:35.222" endtime="20231031 21:06:35.353"/>
</kw>
<kw name="Quando o usuário clicar no botão de Login" library="login_resources">
<kw name="Click Element" library="SeleniumLibrary">
<arg>locator=sendLoginButton</arg>
<doc>Click the element identified by ``locator``.</doc>
<msg timestamp="20231031 21:06:35.354" level="INFO">Clicking element 'sendLoginButton'.</msg>
<status status="PASS" starttime="20231031 21:06:35.354" endtime="20231031 21:06:35.408"/>
</kw>
<status status="PASS" starttime="20231031 21:06:35.354" endtime="20231031 21:06:35.408"/>
</kw>
<kw name="Então o sistema não deve realizar o login sem email e senha" library="login_resources">
<kw name="Handle Alert" library="SeleniumLibrary">
<var>${message}</var>
<arg>Accept</arg>
<doc>Handles the current alert and returns its message.</doc>
<msg timestamp="20231031 21:06:35.409" level="INFO">HANDLE::&lt;class 'NoneType'&gt;::None</msg>
<msg timestamp="20231031 21:06:35.413" level="INFO">${message} = Email não encontrado</msg>
<status status="PASS" starttime="20231031 21:06:35.409" endtime="20231031 21:06:35.413"/>
</kw>
<kw name="Should Be Equal As Strings" library="BuiltIn">
<arg>${message}</arg>
<arg>${msgAlertEmail}</arg>
<doc>Fails if objects are unequal after converting them to strings.</doc>
<status status="PASS" starttime="20231031 21:06:35.413" endtime="20231031 21:06:35.413"/>
</kw>
<kw name="Get Location" library="SeleniumLibrary">
<var>${current_url}</var>
<doc>Returns the current browser window URL.</doc>
<msg timestamp="20231031 21:06:35.428" level="INFO">${current_url} = http://localhost/Teto-Facil/frontEnd/loginpage.php?Alert=Email%20n%C3%A3o%20encontrado</msg>
<status status="PASS" starttime="20231031 21:06:35.414" endtime="20231031 21:06:35.428"/>
</kw>
<kw name="Should Be Equal As Strings" library="BuiltIn">
<arg>${current_url}</arg>
<arg>${URL_EMAIL_ALERT}</arg>
<doc>Fails if objects are unequal after converting them to strings.</doc>
<status status="PASS" starttime="20231031 21:06:35.428" endtime="20231031 21:06:35.428"/>
</kw>
<kw name="Capture Page Screenshot" library="SeleniumLibrary">
<doc>Takes a screenshot of the current page and embeds it into a log file.</doc>
<msg timestamp="20231031 21:06:35.529" level="INFO" html="true">&lt;/td&gt;&lt;/tr&gt;&lt;tr&gt;&lt;td colspan="3"&gt;&lt;a href="selenium-screenshot-11.png"&gt;&lt;img src="selenium-screenshot-11.png" width="800px"&gt;&lt;/a&gt;</msg>
<status status="PASS" starttime="20231031 21:06:35.428" endtime="20231031 21:06:35.529"/>
</kw>
<status status="PASS" starttime="20231031 21:06:35.409" endtime="20231031 21:06:35.529"/>
</kw>
<kw name="Fechar o navegador" library="login_resources" type="TEARDOWN">
<kw name="Capture Page Screenshot" library="SeleniumLibrary">
<doc>Takes a screenshot of the current page and embeds it into a log file.</doc>
<msg timestamp="20231031 21:06:35.623" level="INFO" html="true">&lt;/td&gt;&lt;/tr&gt;&lt;tr&gt;&lt;td colspan="3"&gt;&lt;a href="selenium-screenshot-12.png"&gt;&lt;img src="selenium-screenshot-12.png" width="800px"&gt;&lt;/a&gt;</msg>
<status status="PASS" starttime="20231031 21:06:35.530" endtime="20231031 21:06:35.623"/>
</kw>
<kw name="Close Browser" library="SeleniumLibrary">
<doc>Closes the current browser.</doc>
<status status="PASS" starttime="20231031 21:06:35.623" endtime="20231031 21:06:37.701"/>
</kw>
<status status="PASS" starttime="20231031 21:06:35.530" endtime="20231031 21:06:37.701"/>
</kw>
<doc>Caso de teste para tentar realizar login sem senha e e-mail</doc>
<tag>loginSemEmailSenha</tag>
<status status="PASS" starttime="20231031 21:06:33.796" endtime="20231031 21:06:37.701"/>
</test>
<doc>Casos de Testes para Login de Usuário</doc>
<status status="PASS" starttime="20231031 21:06:21.567" endtime="20231031 21:06:37.702"/>
</suite>
<statistics>
<total>
<stat pass="4" fail="0" skip="0">All Tests</stat>
</total>
<tag>
<stat pass="1" fail="0" skip="0">login</stat>
<stat pass="1" fail="0" skip="0">loginSemEmail</stat>
<stat pass="1" fail="0" skip="0">loginSemEmailSenha</stat>
<stat pass="1" fail="0" skip="0">loginSemSenha</stat>
</tag>
<suite>
<stat pass="4" fail="0" skip="0" id="s1" name="Login">Login</stat>
</suite>
</statistics>
<errors>
</errors>
</robot>
