<?xml version="1.0" encoding="UTF-8"?>
<robot generator="Robot 6.1.1 (Python 3.12.0 on win32)" generated="20231011 22:49:35.333" rpa="false" schemaversion="4">
<suite id="s1" name="Login" source="C:\Users\munch\OneDrive\Área de Trabalho\VS Codes\Testes_TF\Usuario\Login\login.robot">
<test id="s1-t1" name="Realizar Login com Sucesso" line="15">
<kw name="Open Browser" library="SeleniumLibrary">
<arg>browser=${BROWSER}</arg>
<doc>Opens a new browser instance to the optional ``url``.</doc>
<msg timestamp="20231011 22:49:35.513" level="INFO">Opening browser 'Chrome' to base url 'None'.</msg>
<msg timestamp="20231011 22:49:35.795" level="WARN">The chromedriver version (117.0.5938.149) detected in PATH at C:\Users\munch\AppData\Local\Programs\Python\Python312\Scripts\chromedriver.exe might not be compatible with the detected chrome version (118.0.5993.71); currently, chromedriver 118.0.5993.70 is recommended for chrome 118.*, so it is advised to delete the driver in PATH and retry</msg>
<status status="PASS" starttime="20231011 22:49:35.513" endtime="20231011 22:49:37.035"/>
</kw>
<kw name="Maximize Browser Window" library="SeleniumLibrary">
<doc>Maximizes current browser window.</doc>
<status status="PASS" starttime="20231011 22:49:37.035" endtime="20231011 22:49:37.150"/>
</kw>
<kw name="Go To" library="SeleniumLibrary">
<arg>url=${LOGIN URL}</arg>
<doc>Navigates the current browser window to the provided ``url``.</doc>
<msg timestamp="20231011 22:49:37.150" level="INFO">Opening url 'http://localhost/Teto-Facil/frontEnd/loginpage.php'</msg>
<status status="PASS" starttime="20231011 22:49:37.150" endtime="20231011 22:49:37.189"/>
</kw>
<kw name="Input Text" library="SeleniumLibrary">
<arg>locator=${idLogin}</arg>
<arg>text=cesar@gmail</arg>
<doc>Types the given ``text`` into the text field identified by ``locator``.</doc>
<msg timestamp="20231011 22:49:37.191" level="INFO">Typing text 'cesar@gmail' into text field 'nomeLogin'.</msg>
<status status="PASS" starttime="20231011 22:49:37.190" endtime="20231011 22:49:37.276"/>
</kw>
<kw name="Input Text" library="SeleniumLibrary">
<arg>locator=${idSenha}</arg>
<arg>text=123</arg>
<doc>Types the given ``text`` into the text field identified by ``locator``.</doc>
<msg timestamp="20231011 22:49:37.277" level="INFO">Typing text '123' into text field 'senhaLogin'.</msg>
<status status="PASS" starttime="20231011 22:49:37.277" endtime="20231011 22:49:37.338"/>
</kw>
<kw name="Capture Page Screenshot" library="SeleniumLibrary">
<doc>Takes a screenshot of the current page and embeds it into a log file.</doc>
<msg timestamp="20231011 22:49:37.482" level="INFO" html="true">&lt;/td&gt;&lt;/tr&gt;&lt;tr&gt;&lt;td colspan="3"&gt;&lt;a href="selenium-screenshot-1.png"&gt;&lt;img src="selenium-screenshot-1.png" width="800px"&gt;&lt;/a&gt;</msg>
<status status="PASS" starttime="20231011 22:49:37.338" endtime="20231011 22:49:37.482"/>
</kw>
<kw name="Click Button" library="SeleniumLibrary">
<arg>locator=//button[@type='submit']</arg>
<doc>Clicks the button identified by ``locator``.</doc>
<msg timestamp="20231011 22:49:37.483" level="INFO">Clicking button '//button[@type='submit']'.</msg>
<status status="PASS" starttime="20231011 22:49:37.482" endtime="20231011 22:49:37.647"/>
</kw>
<kw name="Get Location" library="SeleniumLibrary">
<var>${current_url}</var>
<doc>Returns the current browser window URL.</doc>
<msg timestamp="20231011 22:49:37.652" level="INFO">${current_url} = http://localhost/Teto-Facil/frontEnd/homepage.php</msg>
<status status="PASS" starttime="20231011 22:49:37.648" endtime="20231011 22:49:37.652"/>
</kw>
<kw name="Should Be Equal As Strings" library="BuiltIn">
<arg>${current_url}</arg>
<arg>${HOME URL}</arg>
<doc>Fails if objects are unequal after converting them to strings.</doc>
<status status="PASS" starttime="20231011 22:49:37.652" endtime="20231011 22:49:37.652"/>
</kw>
<kw name="Page Should Contain" library="SeleniumLibrary">
<arg>Olá, César Willian Pacheco</arg>
<doc>Verifies that current page contains ``text``.</doc>
<msg timestamp="20231011 22:49:37.666" level="INFO">Current page contains text 'Olá, César Willian Pacheco'.</msg>
<status status="PASS" starttime="20231011 22:49:37.653" endtime="20231011 22:49:37.666"/>
</kw>
<kw name="Capture Page Screenshot" library="SeleniumLibrary">
<doc>Takes a screenshot of the current page and embeds it into a log file.</doc>
<msg timestamp="20231011 22:49:37.804" level="INFO" html="true">&lt;/td&gt;&lt;/tr&gt;&lt;tr&gt;&lt;td colspan="3"&gt;&lt;a href="selenium-screenshot-2.png"&gt;&lt;img src="selenium-screenshot-2.png" width="800px"&gt;&lt;/a&gt;</msg>
<status status="PASS" starttime="20231011 22:49:37.666" endtime="20231011 22:49:37.804"/>
</kw>
<kw name="Close Browser" library="SeleniumLibrary">
<doc>Closes the current browser.</doc>
<status status="PASS" starttime="20231011 22:49:37.804" endtime="20231011 22:49:39.884"/>
</kw>
<status status="PASS" starttime="20231011 22:49:35.512" endtime="20231011 22:49:39.884"/>
</test>
<test id="s1-t2" name="Realizar Login sem senha" line="29">
<kw name="Open Browser" library="SeleniumLibrary">
<arg>browser=${BROWSER}</arg>
<doc>Opens a new browser instance to the optional ``url``.</doc>
<msg timestamp="20231011 22:49:39.886" level="INFO">Opening browser 'Chrome' to base url 'None'.</msg>
<msg timestamp="20231011 22:49:40.168" level="WARN">The chromedriver version (117.0.5938.149) detected in PATH at C:\Users\munch\AppData\Local\Programs\Python\Python312\Scripts\chromedriver.exe might not be compatible with the detected chrome version (118.0.5993.71); currently, chromedriver 118.0.5993.70 is recommended for chrome 118.*, so it is advised to delete the driver in PATH and retry</msg>
<status status="PASS" starttime="20231011 22:49:39.886" endtime="20231011 22:49:41.259"/>
</kw>
<kw name="Maximize Browser Window" library="SeleniumLibrary">
<doc>Maximizes current browser window.</doc>
<status status="PASS" starttime="20231011 22:49:41.259" endtime="20231011 22:49:41.373"/>
</kw>
<kw name="Go To" library="SeleniumLibrary">
<arg>url=${LOGIN URL}</arg>
<doc>Navigates the current browser window to the provided ``url``.</doc>
<msg timestamp="20231011 22:49:41.374" level="INFO">Opening url 'http://localhost/Teto-Facil/frontEnd/loginpage.php'</msg>
<status status="PASS" starttime="20231011 22:49:41.373" endtime="20231011 22:49:41.416"/>
</kw>
<kw name="Input Text" library="SeleniumLibrary">
<arg>locator=${idLogin}</arg>
<arg>text=cesar@gmail</arg>
<doc>Types the given ``text`` into the text field identified by ``locator``.</doc>
<msg timestamp="20231011 22:49:41.417" level="INFO">Typing text 'cesar@gmail' into text field 'nomeLogin'.</msg>
<status status="PASS" starttime="20231011 22:49:41.416" endtime="20231011 22:49:41.502"/>
</kw>
<kw name="Capture Page Screenshot" library="SeleniumLibrary">
<doc>Takes a screenshot of the current page and embeds it into a log file.</doc>
<msg timestamp="20231011 22:49:41.635" level="INFO" html="true">&lt;/td&gt;&lt;/tr&gt;&lt;tr&gt;&lt;td colspan="3"&gt;&lt;a href="selenium-screenshot-3.png"&gt;&lt;img src="selenium-screenshot-3.png" width="800px"&gt;&lt;/a&gt;</msg>
<status status="PASS" starttime="20231011 22:49:41.503" endtime="20231011 22:49:41.635"/>
</kw>
<kw name="Click Button" library="SeleniumLibrary">
<arg>locator=//button[@type='submit']</arg>
<doc>Clicks the button identified by ``locator``.</doc>
<msg timestamp="20231011 22:49:41.637" level="INFO">Clicking button '//button[@type='submit']'.</msg>
<status status="PASS" starttime="20231011 22:49:41.637" endtime="20231011 22:49:41.757"/>
</kw>
<kw name="Handle Alert" library="SeleniumLibrary">
<var>${message}</var>
<arg>Accept</arg>
<doc>Handles the current alert and returns its message.</doc>
<msg timestamp="20231011 22:49:41.758" level="INFO">HANDLE::&lt;class 'NoneType'&gt;::None</msg>
<msg timestamp="20231011 22:49:41.762" level="INFO">${message} = E-mail ou senha Inválidos</msg>
<status status="PASS" starttime="20231011 22:49:41.757" endtime="20231011 22:49:41.762"/>
</kw>
<kw name="Should Be Equal As Strings" library="BuiltIn">
<arg>${message}</arg>
<arg>${msgAlertLogin}</arg>
<doc>Fails if objects are unequal after converting them to strings.</doc>
<status status="PASS" starttime="20231011 22:49:41.763" endtime="20231011 22:49:41.763"/>
</kw>
<kw name="Close Browser" library="SeleniumLibrary">
<doc>Closes the current browser.</doc>
<status status="PASS" starttime="20231011 22:49:41.763" endtime="20231011 22:49:43.842"/>
</kw>
<status status="PASS" starttime="20231011 22:49:39.884" endtime="20231011 22:49:43.842"/>
</test>
<test id="s1-t3" name="Realizar Login sem e-mail" line="40">
<kw name="Open Browser" library="SeleniumLibrary">
<arg>browser=${BROWSER}</arg>
<doc>Opens a new browser instance to the optional ``url``.</doc>
<msg timestamp="20231011 22:49:43.843" level="INFO">Opening browser 'Chrome' to base url 'None'.</msg>
<msg timestamp="20231011 22:49:44.132" level="WARN">The chromedriver version (117.0.5938.149) detected in PATH at C:\Users\munch\AppData\Local\Programs\Python\Python312\Scripts\chromedriver.exe might not be compatible with the detected chrome version (118.0.5993.71); currently, chromedriver 118.0.5993.70 is recommended for chrome 118.*, so it is advised to delete the driver in PATH and retry</msg>
<status status="PASS" starttime="20231011 22:49:43.843" endtime="20231011 22:49:45.234"/>
</kw>
<kw name="Maximize Browser Window" library="SeleniumLibrary">
<doc>Maximizes current browser window.</doc>
<status status="PASS" starttime="20231011 22:49:45.234" endtime="20231011 22:49:45.347"/>
</kw>
<kw name="Go To" library="SeleniumLibrary">
<arg>url=${LOGIN URL}</arg>
<doc>Navigates the current browser window to the provided ``url``.</doc>
<msg timestamp="20231011 22:49:45.347" level="INFO">Opening url 'http://localhost/Teto-Facil/frontEnd/loginpage.php'</msg>
<status status="PASS" starttime="20231011 22:49:45.347" endtime="20231011 22:49:45.399"/>
</kw>
<kw name="Input Text" library="SeleniumLibrary">
<arg>locator=${idSenha}</arg>
<arg>text=123</arg>
<doc>Types the given ``text`` into the text field identified by ``locator``.</doc>
<msg timestamp="20231011 22:49:45.400" level="INFO">Typing text '123' into text field 'senhaLogin'.</msg>
<status status="PASS" starttime="20231011 22:49:45.400" endtime="20231011 22:49:45.486"/>
</kw>
<kw name="Capture Page Screenshot" library="SeleniumLibrary">
<doc>Takes a screenshot of the current page and embeds it into a log file.</doc>
<msg timestamp="20231011 22:49:45.635" level="INFO" html="true">&lt;/td&gt;&lt;/tr&gt;&lt;tr&gt;&lt;td colspan="3"&gt;&lt;a href="selenium-screenshot-4.png"&gt;&lt;img src="selenium-screenshot-4.png" width="800px"&gt;&lt;/a&gt;</msg>
<status status="PASS" starttime="20231011 22:49:45.486" endtime="20231011 22:49:45.635"/>
</kw>
<kw name="Click Button" library="SeleniumLibrary">
<arg>locator=//button[@type='submit']</arg>
<doc>Clicks the button identified by ``locator``.</doc>
<msg timestamp="20231011 22:49:45.636" level="INFO">Clicking button '//button[@type='submit']'.</msg>
<status status="PASS" starttime="20231011 22:49:45.635" endtime="20231011 22:49:45.717"/>
</kw>
<kw name="Handle Alert" library="SeleniumLibrary">
<var>${message}</var>
<arg>Accept</arg>
<doc>Handles the current alert and returns its message.</doc>
<msg timestamp="20231011 22:49:45.718" level="INFO">HANDLE::&lt;class 'NoneType'&gt;::None</msg>
<msg timestamp="20231011 22:49:45.721" level="INFO">${message} = Email não encontrado</msg>
<status status="PASS" starttime="20231011 22:49:45.718" endtime="20231011 22:49:45.721"/>
</kw>
<kw name="Close Browser" library="SeleniumLibrary">
<doc>Closes the current browser.</doc>
<status status="PASS" starttime="20231011 22:49:45.721" endtime="20231011 22:49:47.824"/>
</kw>
<kw name="Should Be Equal As Strings" library="BuiltIn">
<arg>${message}</arg>
<arg>${msgAlertEmail}</arg>
<doc>Fails if objects are unequal after converting them to strings.</doc>
<status status="PASS" starttime="20231011 22:49:47.824" endtime="20231011 22:49:47.824"/>
</kw>
<status status="PASS" starttime="20231011 22:49:43.843" endtime="20231011 22:49:47.825"/>
</test>
<test id="s1-t4" name="Realizar Login sem e-mail e senha" line="51">
<kw name="Open Browser" library="SeleniumLibrary">
<arg>browser=${BROWSER}</arg>
<doc>Opens a new browser instance to the optional ``url``.</doc>
<msg timestamp="20231011 22:49:47.826" level="INFO">Opening browser 'Chrome' to base url 'None'.</msg>
<msg timestamp="20231011 22:49:48.112" level="WARN">The chromedriver version (117.0.5938.149) detected in PATH at C:\Users\munch\AppData\Local\Programs\Python\Python312\Scripts\chromedriver.exe might not be compatible with the detected chrome version (118.0.5993.71); currently, chromedriver 118.0.5993.70 is recommended for chrome 118.*, so it is advised to delete the driver in PATH and retry</msg>
<status status="PASS" starttime="20231011 22:49:47.826" endtime="20231011 22:49:49.274"/>
</kw>
<kw name="Maximize Browser Window" library="SeleniumLibrary">
<doc>Maximizes current browser window.</doc>
<status status="PASS" starttime="20231011 22:49:49.275" endtime="20231011 22:49:49.391"/>
</kw>
<kw name="Go To" library="SeleniumLibrary">
<arg>url=${LOGIN URL}</arg>
<doc>Navigates the current browser window to the provided ``url``.</doc>
<msg timestamp="20231011 22:49:49.391" level="INFO">Opening url 'http://localhost/Teto-Facil/frontEnd/loginpage.php'</msg>
<status status="PASS" starttime="20231011 22:49:49.391" endtime="20231011 22:49:49.436"/>
</kw>
<kw name="Capture Page Screenshot" library="SeleniumLibrary">
<doc>Takes a screenshot of the current page and embeds it into a log file.</doc>
<msg timestamp="20231011 22:49:49.599" level="INFO" html="true">&lt;/td&gt;&lt;/tr&gt;&lt;tr&gt;&lt;td colspan="3"&gt;&lt;a href="selenium-screenshot-5.png"&gt;&lt;img src="selenium-screenshot-5.png" width="800px"&gt;&lt;/a&gt;</msg>
<status status="PASS" starttime="20231011 22:49:49.436" endtime="20231011 22:49:49.599"/>
</kw>
<kw name="Click Button" library="SeleniumLibrary">
<arg>locator=//button[@type='submit']</arg>
<doc>Clicks the button identified by ``locator``.</doc>
<msg timestamp="20231011 22:49:49.600" level="INFO">Clicking button '//button[@type='submit']'.</msg>
<status status="PASS" starttime="20231011 22:49:49.600" endtime="20231011 22:49:49.682"/>
</kw>
<kw name="Handle Alert" library="SeleniumLibrary">
<var>${message}</var>
<arg>Accept</arg>
<doc>Handles the current alert and returns its message.</doc>
<msg timestamp="20231011 22:49:49.682" level="INFO">HANDLE::&lt;class 'NoneType'&gt;::None</msg>
<msg timestamp="20231011 22:49:49.686" level="INFO">${message} = Email não encontrado</msg>
<status status="PASS" starttime="20231011 22:49:49.682" endtime="20231011 22:49:49.686"/>
</kw>
<kw name="Close Browser" library="SeleniumLibrary">
<doc>Closes the current browser.</doc>
<status status="PASS" starttime="20231011 22:49:49.686" endtime="20231011 22:49:51.781"/>
</kw>
<kw name="Should Be Equal As Strings" library="BuiltIn">
<arg>${message}</arg>
<arg>${msgAlertEmail}</arg>
<doc>Fails if objects are unequal after converting them to strings.</doc>
<status status="PASS" starttime="20231011 22:49:51.781" endtime="20231011 22:49:51.781"/>
</kw>
<status status="PASS" starttime="20231011 22:49:47.825" endtime="20231011 22:49:51.782"/>
</test>
<doc>Casos de Testes para Login de Usuário</doc>
<status status="PASS" starttime="20231011 22:49:35.334" endtime="20231011 22:49:51.783"/>
</suite>
<statistics>
<total>
<stat pass="4" fail="0" skip="0">All Tests</stat>
</total>
<tag>
</tag>
<suite>
<stat pass="4" fail="0" skip="0" id="s1" name="Login">Login</stat>
</suite>
</statistics>
<errors>
<msg timestamp="20231011 22:49:35.795" level="WARN">The chromedriver version (117.0.5938.149) detected in PATH at C:\Users\munch\AppData\Local\Programs\Python\Python312\Scripts\chromedriver.exe might not be compatible with the detected chrome version (118.0.5993.71); currently, chromedriver 118.0.5993.70 is recommended for chrome 118.*, so it is advised to delete the driver in PATH and retry</msg>
<msg timestamp="20231011 22:49:40.168" level="WARN">The chromedriver version (117.0.5938.149) detected in PATH at C:\Users\munch\AppData\Local\Programs\Python\Python312\Scripts\chromedriver.exe might not be compatible with the detected chrome version (118.0.5993.71); currently, chromedriver 118.0.5993.70 is recommended for chrome 118.*, so it is advised to delete the driver in PATH and retry</msg>
<msg timestamp="20231011 22:49:44.132" level="WARN">The chromedriver version (117.0.5938.149) detected in PATH at C:\Users\munch\AppData\Local\Programs\Python\Python312\Scripts\chromedriver.exe might not be compatible with the detected chrome version (118.0.5993.71); currently, chromedriver 118.0.5993.70 is recommended for chrome 118.*, so it is advised to delete the driver in PATH and retry</msg>
<msg timestamp="20231011 22:49:48.112" level="WARN">The chromedriver version (117.0.5938.149) detected in PATH at C:\Users\munch\AppData\Local\Programs\Python\Python312\Scripts\chromedriver.exe might not be compatible with the detected chrome version (118.0.5993.71); currently, chromedriver 118.0.5993.70 is recommended for chrome 118.*, so it is advised to delete the driver in PATH and retry</msg>
</errors>
</robot>
