<?xml version="1.0" encoding="UTF-8"?>
<robot generator="Robot 6.1.1 (Python 3.10.2 on win32)" generated="20231003 15:49:58.613" rpa="false" schemaversion="4">
<suite id="s1" name="Login" source="F:\Trabalho-Flood-Fill\Testes_TF\Usuario\Login\login.robot">
<test id="s1-t1" name="Realizar Login com Sucesso" line="14">
<kw name="Open Browser" library="SeleniumLibrary">
<arg>browser=${BROWSER}</arg>
<doc>Opens a new browser instance to the optional ``url``.</doc>
<msg timestamp="20231003 15:49:58.810" level="INFO">Opening browser 'Chrome' to base url 'None'.</msg>
<status status="PASS" starttime="20231003 15:49:58.810" endtime="20231003 15:50:00.390"/>
</kw>
<kw name="Maximize Browser Window" library="SeleniumLibrary">
<doc>Maximizes current browser window.</doc>
<status status="PASS" starttime="20231003 15:50:00.391" endtime="20231003 15:50:00.503"/>
</kw>
<kw name="Go To" library="SeleniumLibrary">
<arg>url=${LOGIN URL}</arg>
<doc>Navigates the current browser window to the provided ``url``.</doc>
<msg timestamp="20231003 15:50:00.504" level="INFO">Opening url 'http://localhost/Teto-Facil/frontEnd/loginpage.php'</msg>
<status status="PASS" starttime="20231003 15:50:00.503" endtime="20231003 15:50:00.765"/>
</kw>
<kw name="Input Text" library="SeleniumLibrary">
<arg>locator=${idLogin}</arg>
<arg>text=cesar@gmail</arg>
<doc>Types the given ``text`` into the text field identified by ``locator``.</doc>
<msg timestamp="20231003 15:50:00.766" level="INFO">Typing text 'cesar@gmail' into text field 'nomeLogin'.</msg>
<status status="PASS" starttime="20231003 15:50:00.765" endtime="20231003 15:50:00.840"/>
</kw>
<kw name="Input Text" library="SeleniumLibrary">
<arg>locator=${idSenha}</arg>
<arg>text=123</arg>
<doc>Types the given ``text`` into the text field identified by ``locator``.</doc>
<msg timestamp="20231003 15:50:00.841" level="INFO">Typing text '123' into text field 'senhaLogin'.</msg>
<status status="PASS" starttime="20231003 15:50:00.840" endtime="20231003 15:50:00.888"/>
</kw>
<kw name="Capture Page Screenshot" library="SeleniumLibrary">
<doc>Takes a screenshot of the current page and embeds it into a log file.</doc>
<msg timestamp="20231003 15:50:00.996" level="INFO" html="true">&lt;/td&gt;&lt;/tr&gt;&lt;tr&gt;&lt;td colspan="3"&gt;&lt;a href="selenium-screenshot-9.png"&gt;&lt;img src="selenium-screenshot-9.png" width="800px"&gt;&lt;/a&gt;</msg>
<status status="PASS" starttime="20231003 15:50:00.889" endtime="20231003 15:50:00.996"/>
</kw>
<kw name="Click Button" library="SeleniumLibrary">
<arg>locator=//button[@type='submit']</arg>
<doc>Clicks the button identified by ``locator``.</doc>
<msg timestamp="20231003 15:50:00.997" level="INFO">Clicking button '//button[@type='submit']'.</msg>
<status status="PASS" starttime="20231003 15:50:00.997" endtime="20231003 15:50:01.292"/>
</kw>
<kw name="Get Location" library="SeleniumLibrary">
<var>${current_url}</var>
<doc>Returns the current browser window URL.</doc>
<msg timestamp="20231003 15:50:01.297" level="INFO">${current_url} = http://localhost/Teto-Facil/frontEnd/homepage.php</msg>
<status status="PASS" starttime="20231003 15:50:01.293" endtime="20231003 15:50:01.297"/>
</kw>
<kw name="Should Be Equal As Strings" library="BuiltIn">
<arg>${current_url}</arg>
<arg>${HOME URL}</arg>
<doc>Fails if objects are unequal after converting them to strings.</doc>
<status status="PASS" starttime="20231003 15:50:01.297" endtime="20231003 15:50:01.297"/>
</kw>
<kw name="Page Should Contain" library="SeleniumLibrary">
<arg>Olá, César Willian Pacheco</arg>
<doc>Verifies that current page contains ``text``.</doc>
<msg timestamp="20231003 15:50:01.308" level="INFO">Current page contains text 'Olá, César Willian Pacheco'.</msg>
<status status="PASS" starttime="20231003 15:50:01.298" endtime="20231003 15:50:01.308"/>
</kw>
<kw name="Capture Page Screenshot" library="SeleniumLibrary">
<doc>Takes a screenshot of the current page and embeds it into a log file.</doc>
<msg timestamp="20231003 15:50:01.412" level="INFO" html="true">&lt;/td&gt;&lt;/tr&gt;&lt;tr&gt;&lt;td colspan="3"&gt;&lt;a href="selenium-screenshot-10.png"&gt;&lt;img src="selenium-screenshot-10.png" width="800px"&gt;&lt;/a&gt;</msg>
<status status="PASS" starttime="20231003 15:50:01.308" endtime="20231003 15:50:01.412"/>
</kw>
<kw name="Close Browser" library="SeleniumLibrary">
<doc>Closes the current browser.</doc>
<status status="PASS" starttime="20231003 15:50:01.412" endtime="20231003 15:50:03.503"/>
</kw>
<status status="PASS" starttime="20231003 15:49:58.809" endtime="20231003 15:50:03.503"/>
</test>
<test id="s1-t2" name="Realizar Login sem senha" line="28">
<kw name="Open Browser" library="SeleniumLibrary">
<arg>browser=${BROWSER}</arg>
<doc>Opens a new browser instance to the optional ``url``.</doc>
<msg timestamp="20231003 15:50:03.505" level="INFO">Opening browser 'Chrome' to base url 'None'.</msg>
<status status="PASS" starttime="20231003 15:50:03.505" endtime="20231003 15:50:05.008"/>
</kw>
<kw name="Maximize Browser Window" library="SeleniumLibrary">
<doc>Maximizes current browser window.</doc>
<status status="PASS" starttime="20231003 15:50:05.009" endtime="20231003 15:50:05.128"/>
</kw>
<kw name="Go To" library="SeleniumLibrary">
<arg>url=${LOGIN URL}</arg>
<doc>Navigates the current browser window to the provided ``url``.</doc>
<msg timestamp="20231003 15:50:05.128" level="INFO">Opening url 'http://localhost/Teto-Facil/frontEnd/loginpage.php'</msg>
<status status="PASS" starttime="20231003 15:50:05.128" endtime="20231003 15:50:05.167"/>
</kw>
<kw name="Input Text" library="SeleniumLibrary">
<arg>locator=${idLogin}</arg>
<arg>text=cesar@gmail</arg>
<doc>Types the given ``text`` into the text field identified by ``locator``.</doc>
<msg timestamp="20231003 15:50:05.169" level="INFO">Typing text 'cesar@gmail' into text field 'nomeLogin'.</msg>
<status status="PASS" starttime="20231003 15:50:05.168" endtime="20231003 15:50:05.243"/>
</kw>
<kw name="Capture Page Screenshot" library="SeleniumLibrary">
<doc>Takes a screenshot of the current page and embeds it into a log file.</doc>
<msg timestamp="20231003 15:50:05.356" level="INFO" html="true">&lt;/td&gt;&lt;/tr&gt;&lt;tr&gt;&lt;td colspan="3"&gt;&lt;a href="selenium-screenshot-11.png"&gt;&lt;img src="selenium-screenshot-11.png" width="800px"&gt;&lt;/a&gt;</msg>
<status status="PASS" starttime="20231003 15:50:05.243" endtime="20231003 15:50:05.356"/>
</kw>
<kw name="Click Button" library="SeleniumLibrary">
<arg>locator=//button[@type='submit']</arg>
<doc>Clicks the button identified by ``locator``.</doc>
<msg timestamp="20231003 15:50:05.357" level="INFO">Clicking button '//button[@type='submit']'.</msg>
<status status="PASS" starttime="20231003 15:50:05.357" endtime="20231003 15:50:05.487"/>
</kw>
<kw name="Handle Alert" library="SeleniumLibrary">
<var>${message}</var>
<arg>Accept</arg>
<doc>Handles the current alert and returns its message.</doc>
<msg timestamp="20231003 15:50:05.488" level="INFO">HANDLE::&lt;class 'NoneType'&gt;::None</msg>
<msg timestamp="20231003 15:50:05.491" level="INFO">${message} = E-mail ou senha Inválidos</msg>
<status status="PASS" starttime="20231003 15:50:05.488" endtime="20231003 15:50:05.491"/>
</kw>
<kw name="Should Be Equal As Strings" library="BuiltIn">
<arg>${message}</arg>
<arg>${msgAlertLogin}</arg>
<doc>Fails if objects are unequal after converting them to strings.</doc>
<status status="PASS" starttime="20231003 15:50:05.491" endtime="20231003 15:50:05.492"/>
</kw>
<kw name="Close Browser" library="SeleniumLibrary">
<doc>Closes the current browser.</doc>
<status status="PASS" starttime="20231003 15:50:05.492" endtime="20231003 15:50:07.577"/>
</kw>
<status status="PASS" starttime="20231003 15:50:03.504" endtime="20231003 15:50:07.577"/>
</test>
<test id="s1-t3" name="Realizar Login sem e-mail" line="39">
<kw name="Open Browser" library="SeleniumLibrary">
<arg>browser=${BROWSER}</arg>
<doc>Opens a new browser instance to the optional ``url``.</doc>
<msg timestamp="20231003 15:50:07.578" level="INFO">Opening browser 'Chrome' to base url 'None'.</msg>
<status status="PASS" starttime="20231003 15:50:07.578" endtime="20231003 15:50:09.171"/>
</kw>
<kw name="Maximize Browser Window" library="SeleniumLibrary">
<doc>Maximizes current browser window.</doc>
<status status="PASS" starttime="20231003 15:50:09.172" endtime="20231003 15:50:09.287"/>
</kw>
<kw name="Go To" library="SeleniumLibrary">
<arg>url=${LOGIN URL}</arg>
<doc>Navigates the current browser window to the provided ``url``.</doc>
<msg timestamp="20231003 15:50:09.288" level="INFO">Opening url 'http://localhost/Teto-Facil/frontEnd/loginpage.php'</msg>
<status status="PASS" starttime="20231003 15:50:09.288" endtime="20231003 15:50:09.328"/>
</kw>
<kw name="Input Text" library="SeleniumLibrary">
<arg>locator=${idSenha}</arg>
<arg>text=123</arg>
<doc>Types the given ``text`` into the text field identified by ``locator``.</doc>
<msg timestamp="20231003 15:50:09.329" level="INFO">Typing text '123' into text field 'senhaLogin'.</msg>
<status status="PASS" starttime="20231003 15:50:09.328" endtime="20231003 15:50:09.402"/>
</kw>
<kw name="Capture Page Screenshot" library="SeleniumLibrary">
<doc>Takes a screenshot of the current page and embeds it into a log file.</doc>
<msg timestamp="20231003 15:50:09.518" level="INFO" html="true">&lt;/td&gt;&lt;/tr&gt;&lt;tr&gt;&lt;td colspan="3"&gt;&lt;a href="selenium-screenshot-12.png"&gt;&lt;img src="selenium-screenshot-12.png" width="800px"&gt;&lt;/a&gt;</msg>
<status status="PASS" starttime="20231003 15:50:09.402" endtime="20231003 15:50:09.518"/>
</kw>
<kw name="Click Button" library="SeleniumLibrary">
<arg>locator=//button[@type='submit']</arg>
<doc>Clicks the button identified by ``locator``.</doc>
<msg timestamp="20231003 15:50:09.519" level="INFO">Clicking button '//button[@type='submit']'.</msg>
<status status="PASS" starttime="20231003 15:50:09.519" endtime="20231003 15:50:09.613"/>
</kw>
<kw name="Handle Alert" library="SeleniumLibrary">
<var>${message}</var>
<arg>Accept</arg>
<doc>Handles the current alert and returns its message.</doc>
<msg timestamp="20231003 15:50:09.613" level="INFO">HANDLE::&lt;class 'NoneType'&gt;::None</msg>
<msg timestamp="20231003 15:50:09.616" level="INFO">${message} = Email não encontrado</msg>
<status status="PASS" starttime="20231003 15:50:09.613" endtime="20231003 15:50:09.616"/>
</kw>
<kw name="Should Be Equal As Strings" library="BuiltIn">
<arg>${message}</arg>
<arg>${msgAlertLogin}</arg>
<doc>Fails if objects are unequal after converting them to strings.</doc>
<msg timestamp="20231003 15:50:09.617" level="FAIL">Email não encontrado != E-mail ou senha Inválidos</msg>
<status status="FAIL" starttime="20231003 15:50:09.617" endtime="20231003 15:50:09.617"/>
</kw>
<kw name="Close Browser" library="SeleniumLibrary">
<doc>Closes the current browser.</doc>
<status status="NOT RUN" starttime="20231003 15:50:09.617" endtime="20231003 15:50:09.617"/>
</kw>
<status status="FAIL" starttime="20231003 15:50:07.578" endtime="20231003 15:50:09.618">Email não encontrado != E-mail ou senha Inválidos</status>
</test>
<test id="s1-t4" name="Realizar Login sem e-mail e senha" line="50">
<kw name="Open Browser" library="SeleniumLibrary">
<arg>browser=${BROWSER}</arg>
<doc>Opens a new browser instance to the optional ``url``.</doc>
<msg timestamp="20231003 15:50:09.620" level="INFO">Opening browser 'Chrome' to base url 'None'.</msg>
<status status="PASS" starttime="20231003 15:50:09.619" endtime="20231003 15:50:11.184"/>
</kw>
<kw name="Maximize Browser Window" library="SeleniumLibrary">
<doc>Maximizes current browser window.</doc>
<status status="PASS" starttime="20231003 15:50:11.185" endtime="20231003 15:50:11.300"/>
</kw>
<kw name="Go To" library="SeleniumLibrary">
<arg>url=${LOGIN URL}</arg>
<doc>Navigates the current browser window to the provided ``url``.</doc>
<msg timestamp="20231003 15:50:11.301" level="INFO">Opening url 'http://localhost/Teto-Facil/frontEnd/loginpage.php'</msg>
<status status="PASS" starttime="20231003 15:50:11.301" endtime="20231003 15:50:11.346"/>
</kw>
<kw name="Capture Page Screenshot" library="SeleniumLibrary">
<doc>Takes a screenshot of the current page and embeds it into a log file.</doc>
<msg timestamp="20231003 15:50:11.488" level="INFO" html="true">&lt;/td&gt;&lt;/tr&gt;&lt;tr&gt;&lt;td colspan="3"&gt;&lt;a href="selenium-screenshot-13.png"&gt;&lt;img src="selenium-screenshot-13.png" width="800px"&gt;&lt;/a&gt;</msg>
<status status="PASS" starttime="20231003 15:50:11.346" endtime="20231003 15:50:11.488"/>
</kw>
<kw name="Click Button" library="SeleniumLibrary">
<arg>locator=//button[@type='submit']</arg>
<doc>Clicks the button identified by ``locator``.</doc>
<msg timestamp="20231003 15:50:11.489" level="INFO">Clicking button '//button[@type='submit']'.</msg>
<status status="PASS" starttime="20231003 15:50:11.489" endtime="20231003 15:50:11.590"/>
</kw>
<kw name="Handle Alert" library="SeleniumLibrary">
<var>${message}</var>
<arg>Accept</arg>
<doc>Handles the current alert and returns its message.</doc>
<msg timestamp="20231003 15:50:11.591" level="INFO">HANDLE::&lt;class 'NoneType'&gt;::None</msg>
<msg timestamp="20231003 15:50:11.594" level="INFO">${message} = Email não encontrado</msg>
<status status="PASS" starttime="20231003 15:50:11.591" endtime="20231003 15:50:11.594"/>
</kw>
<kw name="Should Be Equal As Strings" library="BuiltIn">
<arg>${message}</arg>
<arg>${msgAlertLogin}</arg>
<doc>Fails if objects are unequal after converting them to strings.</doc>
<msg timestamp="20231003 15:50:11.594" level="FAIL">Email não encontrado != E-mail ou senha Inválidos</msg>
<status status="FAIL" starttime="20231003 15:50:11.594" endtime="20231003 15:50:11.594"/>
</kw>
<kw name="Close Browser" library="SeleniumLibrary">
<doc>Closes the current browser.</doc>
<status status="NOT RUN" starttime="20231003 15:50:11.595" endtime="20231003 15:50:11.595"/>
</kw>
<status status="FAIL" starttime="20231003 15:50:09.619" endtime="20231003 15:50:11.595">Email não encontrado != E-mail ou senha Inválidos</status>
</test>
<doc>Casos de Testes para Login de Usuário</doc>
<status status="FAIL" starttime="20231003 15:49:58.615" endtime="20231003 15:50:11.597"/>
</suite>
<statistics>
<total>
<stat pass="2" fail="2" skip="0">All Tests</stat>
</total>
<tag>
</tag>
<suite>
<stat pass="2" fail="2" skip="0" id="s1" name="Login">Login</stat>
</suite>
</statistics>
<errors>
</errors>
</robot>
